# This is the run log of LabScaleImpacts
# Experiment type: HOLSAPPLE1 (1)
# Time step used = 0.0002
# Top of regolith surface = 0.136654
# Impactor launch speed = 4.3
# Columns are (values in code units, d is penetration depth):
# [t]    [v_y]    [d]    [x]    [y]    [z]

0.000200    +0.000000    +0.042900    +0.000000    +0.193854    +0.000000
0.000400    +0.000000    +0.042900    +0.000000    +0.193854    +0.000000
0.000600    +0.000000    +0.042900    +0.000000    +0.193854    +0.000000
0.000800    +0.000000    +0.042900    +0.000000    +0.193854    +0.000000
0.001000    -4.300000    +0.042900    +0.000000    +0.193854    +0.000000
0.001200    -4.301951    +0.042040    +0.000000    +0.192994    +0.000000
0.001400    -4.303903    +0.041179    +0.000000    +0.192133    +0.000000
0.001600    -4.305854    +0.040318    +0.000000    +0.191272    +0.000000
0.001800    -4.307805    +0.039456    +0.000000    +0.190410    +0.000000
0.002000    -4.309756    +0.038594    +0.000000    +0.189548    +0.000000
0.002200    -4.311707    +0.037732    +0.000000    +0.188686    +0.000000
0.002400    -4.313659    +0.036869    +0.000000    +0.187823    +0.000000
0.002600    -4.315610    +0.036006    +0.000000    +0.186960    +0.000000
0.002800    -4.317561    +0.035142    +0.000000    +0.186096    +0.000000
0.003000    -4.319512    +0.034279    +0.000000    +0.185233    +0.000000
0.003200    -4.321464    +0.033414    +0.000000    +0.184368    +0.000000
0.003400    -4.323415    +0.032550    +0.000000    +0.183504    +0.000000
0.003600    -4.325366    +0.031684    +0.000000    +0.182638    +0.000000
0.003800    -4.327317    +0.030819    +0.000000    +0.181773    +0.000000
0.004000    -4.329268    +0.029953    +0.000000    +0.180907    +0.000000
0.004200    -4.331220    +0.029087    +0.000000    +0.180041    +0.000000
0.004400    -4.333171    +0.028220    +0.000000    +0.179174    +0.000000
0.004600    -4.335122    +0.027353    +0.000000    +0.178307    +0.000000
0.004800    -4.337073    +0.026486    +0.000000    +0.177440    +0.000000
0.005000    -4.339025    +0.025618    +0.000000    +0.176572    +0.000000
0.005200    -4.340976    +0.024750    +0.000000    +0.175704    +0.000000
0.005400    -4.342927    +0.023881    +0.000000    +0.174835    +0.000000
0.005600    -4.344878    +0.023012    +0.000000    +0.173966    +0.000000
0.005800    -4.346829    +0.022143    +0.000000    +0.173097    +0.000000
0.006000    -4.348781    +0.021273    +0.000000    +0.172227    +0.000000
0.006200    -4.350732    +0.020403    +0.000000    +0.171357    +0.000000
0.006400    -4.352683    +0.019532    +0.000000    +0.170486    +0.000000
0.006600    -4.354634    +0.018662    +0.000000    +0.169616    +0.000000
0.006800    -4.356585    +0.017790    +0.000000    +0.168744    +0.000000
0.007000    -4.358535    +0.016919    +0.000000    +0.167873    +0.000000
0.007200    -4.360486    +0.016046    +0.000000    +0.167000    +0.000000
0.007400    -4.362437    +0.015174    +0.000000    +0.166128    +0.000000
0.007600    -4.364388    +0.014301    +0.000000    +0.165255    +0.000000
0.007800    -4.366338    +0.013428    +0.000000    +0.164382    +0.000000
0.008000    -4.368289    +0.012554    +0.000000    +0.163508    +0.000000
0.008200    -4.370240    +0.011680    +0.000000    +0.162634    +0.000000
0.008400    -4.372190    +0.010806    +0.000000    +0.161760    +0.000000
0.008600    -4.374141    +0.009931    +0.000000    +0.160885    +0.000000
0.008800    -4.376092    +0.009056    +0.000000    +0.160010    +0.000000
0.009000    -4.378043    +0.008180    +0.000000    +0.159134    +0.000000
0.009200    -4.379993    +0.007304    +0.000000    +0.158258    +0.000000
0.009400    -4.381944    +0.006428    +0.000000    +0.157382    +0.000000
0.009600    -4.383895    +0.005551    +0.000000    +0.156505    +0.000000
0.009800    -4.385846    +0.004674    +0.000000    +0.155628    +0.000000
0.010000    -4.387796    +0.003796    +0.000000    +0.154750    +0.000000
0.010200    -4.389747    +0.002918    +0.000000    +0.153872    +0.000000
0.010400    -4.391698    +0.002040    +0.000000    +0.152994    +0.000000
0.010600    -4.393649    +0.001161    +0.000000    +0.152115    +0.000000
0.010800    -4.395599    +0.000282    +0.000000    +0.151236    +0.000000
0.011000    -4.397550    -0.000598    +0.000000    +0.150356    +0.000000
0.011200    -4.399501    -0.001477    +0.000000    +0.149477    +0.000000
0.011400    -4.401452    -0.002358    +0.000000    +0.148596    +0.000000
0.011600    -4.403402    -0.003238    +0.000000    +0.147716    +0.000000
0.011800    -4.405353    -0.004119    +0.000000    +0.146835    +0.000000
0.012000    -4.407304    -0.005001    +0.000000    +0.145953    +0.000000
0.012200    -4.409255    -0.005883    +0.000000    +0.145071    +0.000000
0.012400    -4.411205    -0.006765    +0.000000    +0.144189    +0.000000
0.012600    -4.413156    -0.007648    +0.000000    +0.143306    +0.000000
0.012800    -4.415107    -0.008531    +0.000000    +0.142423    +0.000000
0.013000    -4.417058    -0.009414    +0.000000    +0.141540    +0.000000
0.013200    -4.419008    -0.010298    +0.000000    +0.140656    +0.000000
0.013400    -4.420959    -0.011182    +0.000000    +0.139772    +0.000000
0.013600    -4.422910    -0.012067    +0.000000    +0.138887    +0.000000
0.013800    -4.424860    -0.012952    +0.000000    +0.138002    +0.000000
0.014000    -4.426811    -0.013837    +0.000000    +0.137117    +0.000000
0.014200    -4.428762    -0.014723    +0.000000    +0.136231    +0.000000
0.014400    -4.430713    -0.015609    +0.000000    +0.135345    +0.000000
0.014600    -4.432663    -0.016495    +0.000000    +0.134459    +0.000000
0.014800    -3.958356    -0.017301    -0.000028    +0.133653    -0.000007
0.015000    -3.690685    -0.018056    -0.000073    +0.132898    -0.000018
0.015200    -3.472788    -0.018759    -0.000141    +0.132195    -0.000033
0.015400    -3.210638    -0.019404    -0.000234    +0.131550    -0.000054
0.015600    -3.098178    -0.020031    -0.000332    +0.130923    -0.000075
0.015800    -2.826587    -0.020594    -0.000463    +0.130360    -0.000104
0.016000    -2.099062    -0.021014    -0.000598    +0.129940    -0.000137
0.016200    -1.891317    -0.021395    -0.000739    +0.129559    -0.000170
0.016400    -1.618504    -0.021719    -0.000875    +0.129235    -0.000204
0.016600    -1.490135    -0.022019    -0.001007    +0.128935    -0.000236
0.016800    -1.346333    -0.022287    -0.001130    +0.128667    -0.000269
0.017000    -1.159195    -0.022515    -0.001233    +0.128439    -0.000296
0.017200    -1.065005    -0.022728    -0.001330    +0.128226    -0.000323
0.017400    -0.987747    -0.022924    -0.001422    +0.128030    -0.000347
0.017600    -0.925649    -0.023108    -0.001512    +0.127846    -0.000369
0.017800    -0.878471    -0.023283    -0.001598    +0.127671    -0.000391
0.018000    -0.844222    -0.023451    -0.001684    +0.127503    -0.000410
0.018200    -0.783763    -0.023607    -0.001764    +0.127347    -0.000428
0.018400    -0.770336    -0.023761    -0.001842    +0.127193    -0.000444
0.018600    -0.737580    -0.023909    -0.001916    +0.127045    -0.000459
0.018800    -0.722698    -0.024053    -0.001989    +0.126901    -0.000473
0.019000    -0.700508    -0.024194    -0.002061    +0.126760    -0.000486
0.019200    -0.674929    -0.024329    -0.002131    +0.126625    -0.000499
0.019400    -0.646655    -0.024458    -0.002196    +0.126496    -0.000511
0.019600    -0.586637    -0.024578    -0.002255    +0.126376    -0.000521
0.019800    -0.578246    -0.024692    -0.002312    +0.126262    -0.000530
0.020000    -0.541387    -0.024802    -0.002364    +0.126152    -0.000537
0.020200    -0.533970    -0.024908    -0.002413    +0.126046    -0.000544
0.020400    -0.504949    -0.025009    -0.002460    +0.125945    -0.000549
0.020600    -0.506908    -0.025110    -0.002506    +0.125844    -0.000554
0.020800    -0.490756    -0.025209    -0.002550    +0.125745    -0.000558
0.021000    -0.490662    -0.025307    -0.002593    +0.125647    -0.000561
0.021200    -0.474065    -0.025403    -0.002636    +0.125551    -0.000564
0.021400    -0.456740    -0.025495    -0.002676    +0.125459    -0.000565
0.021600    -0.442127    -0.025583    -0.002714    +0.125371    -0.000565
0.021800    -0.428387    -0.025669    -0.002751    +0.125285    -0.000565
0.022000    -0.415418    -0.025752    -0.002786    +0.125202    -0.000563
0.022200    -0.401830    -0.025832    -0.002819    +0.125122    -0.000559
0.022400    -0.387621    -0.025910    -0.002850    +0.125044    -0.000555
0.022600    -0.373746    -0.025985    -0.002880    +0.124969    -0.000549
0.022800    -0.363245    -0.026058    -0.002909    +0.124896    -0.000543
0.023000    -0.354547    -0.026128    -0.002936    +0.124826    -0.000535
0.023200    -0.346893    -0.026198    -0.002962    +0.124756    -0.000527
0.023400    -0.340184    -0.026266    -0.002987    +0.124688    -0.000518
0.023600    -0.331946    -0.026332    -0.003011    +0.124622    -0.000508
0.023800    -0.325494    -0.026397    -0.003034    +0.124557    -0.000498
0.024000    -0.318661    -0.026461    -0.003057    +0.124493    -0.000487
0.024200    -0.311730    -0.026523    -0.003078    +0.124431    -0.000475
0.024400    -0.305741    -0.026585    -0.003098    +0.124369    -0.000463
0.024600    -0.299552    -0.026644    -0.003118    +0.124310    -0.000449
0.024800    -0.294412    -0.026703    -0.003137    +0.124251    -0.000436
0.025000    -0.288113    -0.026761    -0.003155    +0.124193    -0.000422
0.025200    -0.283712    -0.026818    -0.003172    +0.124136    -0.000407
0.025400    -0.279119    -0.026873    -0.003189    +0.124081    -0.000392
0.025600    -0.275877    -0.026929    -0.003205    +0.124025    -0.000376
0.025800    -0.271135    -0.026983    -0.003220    +0.123971    -0.000361
0.026000    -0.266732    -0.027036    -0.003235    +0.123918    -0.000344
0.026200    -0.263487    -0.027089    -0.003248    +0.123865    -0.000328
0.026400    -0.261169    -0.027141    -0.003262    +0.123813    -0.000311
0.026600    -0.258502    -0.027193    -0.003275    +0.123761    -0.000293
0.026800    -0.256091    -0.027244    -0.003288    +0.123710    -0.000276
0.027000    -0.254053    -0.027295    -0.003300    +0.123659    -0.000258
0.027200    -0.252174    -0.027345    -0.003312    +0.123609    -0.000240
0.027400    -0.246718    -0.027395    -0.003324    +0.123559    -0.000222
0.027600    -0.242928    -0.027443    -0.003335    +0.123511    -0.000204
0.027800    -0.240004    -0.027491    -0.003346    +0.123463    -0.000186
0.028000    -0.237660    -0.027539    -0.003357    +0.123415    -0.000168
0.028200    -0.236260    -0.027586    -0.003367    +0.123368    -0.000150
0.028400    -0.233640    -0.027633    -0.003377    +0.123321    -0.000132
0.028600    -0.230240    -0.027679    -0.003387    +0.123275    -0.000113
0.028800    -0.226522    -0.027724    -0.003395    +0.123230    -0.000095
0.029000    -0.222720    -0.027769    -0.003404    +0.123185    -0.000075
0.029200    -0.218899    -0.027813    -0.003411    +0.123141    -0.000056
0.029400    -0.213625    -0.027855    -0.003418    +0.123099    -0.000036
0.029600    -0.207576    -0.027897    -0.003424    +0.123057    -0.000016
0.029800    -0.201405    -0.027937    -0.003430    +0.123017    +0.000005
0.030000    -0.194737    -0.027977    -0.003434    +0.122977    +0.000025
0.030200    -0.188092    -0.028014    -0.003437    +0.122940    +0.000046
0.030400    -0.181941    -0.028051    -0.003440    +0.122903    +0.000067
0.030600    -0.176541    -0.028086    -0.003441    +0.122868    +0.000088
0.030800    -0.172625    -0.028120    -0.003442    +0.122834    +0.000109
0.031000    -0.169024    -0.028154    -0.003443    +0.122800    +0.000130
0.031200    -0.166086    -0.028187    -0.003443    +0.122767    +0.000152
0.031400    -0.163817    -0.028220    -0.003442    +0.122734    +0.000173
0.031600    -0.161436    -0.028252    -0.003442    +0.122702    +0.000195
0.031800    -0.158534    -0.028284    -0.003440    +0.122670    +0.000216
0.032000    -0.154961    -0.028315    -0.003439    +0.122639    +0.000238
0.032200    -0.151427    -0.028345    -0.003437    +0.122609    +0.000259
0.032400    -0.147771    -0.028375    -0.003434    +0.122579    +0.000281
0.032600    -0.144553    -0.028404    -0.003431    +0.122550    +0.000302
0.032800    -0.141526    -0.028432    -0.003427    +0.122522    +0.000324
0.033000    -0.138959    -0.028460    -0.003423    +0.122494    +0.000345
0.033200    -0.137116    -0.028487    -0.003419    +0.122467    +0.000367
0.033400    -0.134165    -0.028514    -0.003414    +0.122440    +0.000388
0.033600    -0.131426    -0.028540    -0.003409    +0.122414    +0.000409
0.033800    -0.129483    -0.028566    -0.003404    +0.122388    +0.000430
0.034000    -0.127984    -0.028592    -0.003398    +0.122362    +0.000451
0.034200    -0.126713    -0.028617    -0.003392    +0.122337    +0.000472
0.034400    -0.125537    -0.028642    -0.003386    +0.122312    +0.000492
0.034600    -0.124754    -0.028667    -0.003380    +0.122287    +0.000513
0.034800    -0.123969    -0.028692    -0.003374    +0.122262    +0.000534
0.035000    -0.123322    -0.028717    -0.003367    +0.122237    +0.000554
0.035200    -0.122808    -0.028741    -0.003360    +0.122213    +0.000575
0.035400    -0.121932    -0.028765    -0.003353    +0.122189    +0.000595
0.035600    -0.120313    -0.028790    -0.003345    +0.122164    +0.000616
0.035800    -0.118604    -0.028813    -0.003338    +0.122141    +0.000636
0.036000    -0.117142    -0.028837    -0.003330    +0.122117    +0.000656
0.036200    -0.115628    -0.028860    -0.003321    +0.122094    +0.000677
0.036400    -0.114080    -0.028883    -0.003312    +0.122071    +0.000696
0.036600    -0.112033    -0.028905    -0.003303    +0.122049    +0.000716
0.036800    -0.109975    -0.028927    -0.003293    +0.122027    +0.000736
0.037000    -0.108220    -0.028949    -0.003283    +0.122005    +0.000755
0.037200    -0.107149    -0.028970    -0.003273    +0.121984    +0.000774
0.037400    -0.106339    -0.028991    -0.003263    +0.121963    +0.000793
0.037600    -0.105828    -0.029013    -0.003253    +0.121941    +0.000812
0.037800    -0.105419    -0.029034    -0.003242    +0.121920    +0.000831
0.038000    -0.104697    -0.029055    -0.003231    +0.121899    +0.000850
0.038200    -0.103906    -0.029075    -0.003220    +0.121879    +0.000869
0.038400    -0.103478    -0.029096    -0.003209    +0.121858    +0.000887
0.038600    -0.103004    -0.029117    -0.003198    +0.121837    +0.000906
0.038800    -0.102461    -0.029137    -0.003186    +0.121817    +0.000924
0.039000    -0.101809    -0.029157    -0.003174    +0.121797    +0.000943
0.039200    -0.101222    -0.029178    -0.003162    +0.121776    +0.000961
0.039400    -0.100855    -0.029198    -0.003150    +0.121756    +0.000980
0.039600    -0.100623    -0.029218    -0.003137    +0.121736    +0.000998
0.039800    -0.100445    -0.029238    -0.003125    +0.121716    +0.001016
0.040000    -0.100032    -0.029258    -0.003112    +0.121696    +0.001034
0.040200    -0.099289    -0.029278    -0.003099    +0.121676    +0.001052
0.040400    -0.098509    -0.029298    -0.003085    +0.121656    +0.001070
0.040600    -0.097552    -0.029317    -0.003072    +0.121637    +0.001088
0.040800    -0.096721    -0.029337    -0.003059    +0.121617    +0.001106
0.041000    -0.095887    -0.029356    -0.003045    +0.121598    +0.001123
0.041200    -0.094939    -0.029375    -0.003031    +0.121579    +0.001141
0.041400    -0.094008    -0.029394    -0.003017    +0.121560    +0.001158
0.041600    -0.093365    -0.029412    -0.003002    +0.121542    +0.001175
0.041800    -0.092956    -0.029431    -0.002988    +0.121523    +0.001192
0.042000    -0.092842    -0.029449    -0.002973    +0.121505    +0.001209
0.042200    -0.092838    -0.029468    -0.002958    +0.121486    +0.001225
0.042400    -0.092788    -0.029486    -0.002943    +0.121468    +0.001242
0.042600    -0.091859    -0.029505    -0.002928    +0.121449    +0.001258
0.042800    -0.090017    -0.029523    -0.002913    +0.121431    +0.001275
0.043000    -0.087876    -0.029540    -0.002898    +0.121414    +0.001290
0.043200    -0.085721    -0.029558    -0.002882    +0.121396    +0.001306
0.043400    -0.083778    -0.029574    -0.002866    +0.121380    +0.001321
0.043600    -0.081919    -0.029591    -0.002851    +0.121363    +0.001336
0.043800    -0.080321    -0.029607    -0.002835    +0.121347    +0.001351
0.044000    -0.078813    -0.029623    -0.002819    +0.121331    +0.001365
0.044200    -0.077427    -0.029638    -0.002802    +0.121316    +0.001379
0.044400    -0.076011    -0.029653    -0.002786    +0.121301    +0.001393
0.044600    -0.074732    -0.029668    -0.002770    +0.121286    +0.001407
0.044800    -0.073375    -0.029683    -0.002753    +0.121271    +0.001420
0.045000    -0.072125    -0.029697    -0.002737    +0.121257    +0.001433
0.045200    -0.071057    -0.029712    -0.002720    +0.121242    +0.001446
0.045400    -0.070167    -0.029726    -0.002704    +0.121228    +0.001458
0.045600    -0.069343    -0.029739    -0.002687    +0.121215    +0.001471
0.045800    -0.068543    -0.029753    -0.002670    +0.121201    +0.001483
0.046000    -0.067802    -0.029767    -0.002653    +0.121187    +0.001494
0.046200    -0.067483    -0.029780    -0.002636    +0.121174    +0.001506
0.046400    -0.067454    -0.029794    -0.002619    +0.121160    +0.001517
0.046600    -0.067537    -0.029807    -0.002602    +0.121147    +0.001529
0.046800    -0.067601    -0.029821    -0.002585    +0.121133    +0.001540
0.047000    -0.067532    -0.029834    -0.002568    +0.121120    +0.001551
0.047200    -0.067424    -0.029848    -0.002551    +0.121106    +0.001561
0.047400    -0.067330    -0.029861    -0.002534    +0.121093    +0.001572
0.047600    -0.067246    -0.029875    -0.002516    +0.121079    +0.001582
0.047800    -0.067203    -0.029888    -0.002499    +0.121066    +0.001592
0.048000    -0.067180    -0.029901    -0.002482    +0.121053    +0.001602
0.048200    -0.067151    -0.029915    -0.002464    +0.121039    +0.001612
0.048400    -0.067169    -0.029928    -0.002447    +0.121026    +0.001621
0.048600    -0.067267    -0.029942    -0.002429    +0.121012    +0.001631
0.048800    -0.067359    -0.029955    -0.002412    +0.120999    +0.001640
0.049000    -0.067486    -0.029969    -0.002394    +0.120985    +0.001649
0.049200    -0.067976    -0.029982    -0.002377    +0.120972    +0.001658
0.049400    -0.068027    -0.029996    -0.002359    +0.120958    +0.001667
0.049600    -0.067598    -0.030009    -0.002342    +0.120945    +0.001675
0.049800    -0.067757    -0.030023    -0.002324    +0.120931    +0.001684
0.050000    -0.068209    -0.030037    -0.002306    +0.120917    +0.001692
0.050200    -0.068453    -0.030050    -0.002288    +0.120904    +0.001700
0.050400    -0.068628    -0.030064    -0.002271    +0.120890    +0.001708
0.050600    -0.069051    -0.030078    -0.002253    +0.120876    +0.001715
0.050800    -0.069409    -0.030092    -0.002235    +0.120862    +0.001723
0.051000    -0.069830    -0.030106    -0.002217    +0.120848    +0.001730
0.051200    -0.070206    -0.030120    -0.002199    +0.120834    +0.001738
0.051400    -0.070559    -0.030134    -0.002181    +0.120820    +0.001745
0.051600    -0.071091    -0.030148    -0.002163    +0.120806    +0.001752
0.051800    -0.071626    -0.030162    -0.002145    +0.120792    +0.001759
0.052000    -0.072026    -0.030177    -0.002127    +0.120777    +0.001765
0.052200    -0.072338    -0.030191    -0.002109    +0.120763    +0.001772
0.052400    -0.072682    -0.030206    -0.002091    +0.120748    +0.001778
0.052600    -0.073048    -0.030220    -0.002073    +0.120734    +0.001785
0.052800    -0.073420    -0.030235    -0.002055    +0.120719    +0.001791
0.053000    -0.073962    -0.030250    -0.002037    +0.120704    +0.001797
0.053200    -0.074611    -0.030265    -0.002019    +0.120689    +0.001802
0.053400    -0.074011    -0.030280    -0.002000    +0.120674    +0.001808
0.053600    -0.071569    -0.030294    -0.001982    +0.120660    +0.001813
0.053800    -0.068722    -0.030308    -0.001963    +0.120646    +0.001818
0.054000    -0.066406    -0.030321    -0.001945    +0.120633    +0.001822
0.054200    -0.064370    -0.030334    -0.001926    +0.120620    +0.001826
0.054400    -0.062552    -0.030346    -0.001907    +0.120608    +0.001830
0.054600    -0.060872    -0.030359    -0.001888    +0.120595    +0.001833
0.054800    -0.059506    -0.030370    -0.001868    +0.120584    +0.001836
0.055000    -0.058481    -0.030382    -0.001849    +0.120572    +0.001838
0.055200    -0.057813    -0.030394    -0.001829    +0.120560    +0.001840
0.055400    -0.057250    -0.030405    -0.001810    +0.120549    +0.001842
0.055600    -0.057012    -0.030416    -0.001790    +0.120538    +0.001844
0.055800    -0.056708    -0.030428    -0.001771    +0.120526    +0.001846
0.056000    -0.056501    -0.030439    -0.001751    +0.120515    +0.001847
0.056200    -0.056226    -0.030450    -0.001731    +0.120504    +0.001848
0.056400    -0.055980    -0.030462    -0.001711    +0.120492    +0.001849
0.056600    -0.055606    -0.030473    -0.001691    +0.120481    +0.001850
0.056800    -0.055248    -0.030484    -0.001671    +0.120470    +0.001850
0.057000    -0.055000    -0.030495    -0.001651    +0.120459    +0.001850
0.057200    -0.054813    -0.030506    -0.001631    +0.120448    +0.001850
0.057400    -0.054578    -0.030517    -0.001610    +0.120437    +0.001850
0.057600    -0.054438    -0.030527    -0.001590    +0.120427    +0.001850
0.057800    -0.054357    -0.030538    -0.001570    +0.120416    +0.001849
0.058000    -0.054331    -0.030549    -0.001549    +0.120405    +0.001848
0.058200    -0.054430    -0.030560    -0.001529    +0.120394    +0.001847
0.058400    -0.054579    -0.030571    -0.001508    +0.120383    +0.001846
0.058600    -0.054759    -0.030582    -0.001487    +0.120372    +0.001845
0.058800    -0.054884    -0.030593    -0.001467    +0.120361    +0.001843
0.059000    -0.055063    -0.030604    -0.001446    +0.120350    +0.001842
0.059200    -0.055182    -0.030615    -0.001425    +0.120339    +0.001840
0.059400    -0.055286    -0.030626    -0.001404    +0.120328    +0.001838
0.059600    -0.055409    -0.030637    -0.001383    +0.120317    +0.001835
0.059800    -0.055577    -0.030648    -0.001362    +0.120306    +0.001833
0.060000    -0.055875    -0.030659    -0.001341    +0.120295    +0.001830
0.060200    -0.056261    -0.030671    -0.001320    +0.120283    +0.001827
0.060400    -0.056698    -0.030682    -0.001299    +0.120272    +0.001824
0.060600    -0.057175    -0.030693    -0.001278    +0.120261    +0.001821
0.060800    -0.057663    -0.030705    -0.001256    +0.120249    +0.001818
0.061000    -0.058050    -0.030717    -0.001235    +0.120237    +0.001815
0.061200    -0.058373    -0.030728    -0.001213    +0.120226    +0.001811
0.061400    -0.058754    -0.030740    -0.001192    +0.120214    +0.001807
0.061600    -0.059163    -0.030752    -0.001171    +0.120202    +0.001803
0.061800    -0.059609    -0.030764    -0.001149    +0.120190    +0.001799
0.062000    -0.060031    -0.030776    -0.001128    +0.120178    +0.001795
0.062200    -0.060317    -0.030788    -0.001106    +0.120166    +0.001791
0.062400    -0.060572    -0.030800    -0.001084    +0.120154    +0.001786
0.062600    -0.060947    -0.030812    -0.001062    +0.120142    +0.001781
0.062800    -0.061500    -0.030824    -0.001041    +0.120130    +0.001776
0.063000    -0.061799    -0.030837    -0.001019    +0.120117    +0.001771
0.063200    -0.062099    -0.030849    -0.000997    +0.120105    +0.001766
0.063400    -0.062252    -0.030862    -0.000975    +0.120092    +0.001761
0.063600    -0.062352    -0.030874    -0.000953    +0.120080    +0.001755
0.063800    -0.062443    -0.030887    -0.000931    +0.120067    +0.001749
0.064000    -0.062568    -0.030899    -0.000909    +0.120055    +0.001743
0.064200    -0.062787    -0.030912    -0.000887    +0.120042    +0.001737
0.064400    -0.063128    -0.030924    -0.000865    +0.120030    +0.001731
0.064600    -0.063442    -0.030937    -0.000842    +0.120017    +0.001725
0.064800    -0.063846    -0.030950    -0.000820    +0.120004    +0.001718
0.065000    -0.063904    -0.030963    -0.000797    +0.119991    +0.001711
0.065200    -0.063959    -0.030975    -0.000775    +0.119979    +0.001704
0.065400    -0.064090    -0.030988    -0.000752    +0.119966    +0.001697
0.065600    -0.064373    -0.031001    -0.000730    +0.119953    +0.001689
0.065800    -0.064812    -0.031014    -0.000707    +0.119940    +0.001682
0.066000    -0.065315    -0.031027    -0.000684    +0.119927    +0.001674
0.066200    -0.065968    -0.031040    -0.000662    +0.119914    +0.001666
0.066400    -0.066723    -0.031054    -0.000639    +0.119900    +0.001658
0.066600    -0.067464    -0.031067    -0.000616    +0.119887    +0.001650
0.066800    -0.068273    -0.031081    -0.000593    +0.119873    +0.001642
0.067000    -0.068984    -0.031094    -0.000570    +0.119860    +0.001633
0.067200    -0.069647    -0.031108    -0.000548    +0.119846    +0.001625
0.067400    -0.069902    -0.031122    -0.000525    +0.119832    +0.001616
0.067600    -0.061269    -0.031135    -0.000502    +0.119819    +0.001608
0.067800    -0.054090    -0.031146    -0.000480    +0.119808    +0.001602
0.068000    -0.047454    -0.031155    -0.000458    +0.119799    +0.001596
0.068200    -0.041412    -0.031164    -0.000436    +0.119790    +0.001590
0.068400    -0.036480    -0.031171    -0.000414    +0.119783    +0.001586
0.068600    -0.031946    -0.031177    -0.000393    +0.119777    +0.001582
0.068800    -0.028205    -0.031183    -0.000372    +0.119771    +0.001579
0.069000    -0.024825    -0.031188    -0.000351    +0.119766    +0.001576
0.069200    -0.022105    -0.031192    -0.000330    +0.119762    +0.001574
0.069400    -0.019778    -0.031196    -0.000310    +0.119758    +0.001572
0.069600    -0.017663    -0.031200    -0.000290    +0.119754    +0.001570
0.069800    -0.016038    -0.031203    -0.000269    +0.119751    +0.001569
0.070000    -0.014875    -0.031206    -0.000249    +0.119748    +0.001568
0.070200    -0.013946    -0.031209    -0.000229    +0.119745    +0.001567
0.070400    -0.013204    -0.031211    -0.000209    +0.119743    +0.001567
0.070600    -0.012515    -0.031214    -0.000189    +0.119740    +0.001567
0.070800    -0.011168    -0.031216    -0.000169    +0.119738    +0.001567
0.071000    -0.009493    -0.031218    -0.000149    +0.119736    +0.001568
0.071200    -0.008067    -0.031219    -0.000129    +0.119735    +0.001568
0.071400    -0.006617    -0.031221    -0.000108    +0.119733    +0.001569
0.071600    -0.005522    -0.031222    -0.000088    +0.119732    +0.001570
0.071800    -0.005142    -0.031223    -0.000068    +0.119731    +0.001572
0.072000    -0.004719    -0.031224    -0.000048    +0.119730    +0.001573
0.072200    -0.004412    -0.031225    -0.000028    +0.119729    +0.001575
0.072400    -0.004376    -0.031226    -0.000008    +0.119728    +0.001576
0.072600    -0.004531    -0.031226    +0.000012    +0.119728    +0.001578
0.072800    -0.004657    -0.031227    +0.000031    +0.119727    +0.001580
0.073000    -0.004644    -0.031228    +0.000051    +0.119726    +0.001583
0.073200    -0.004715    -0.031229    +0.000071    +0.119725    +0.001585
0.073400    -0.004873    -0.031230    +0.000091    +0.119724    +0.001587
0.073600    -0.005171    -0.031231    +0.000111    +0.119723    +0.001590
0.073800    -0.005492    -0.031232    +0.000130    +0.119722    +0.001592
0.074000    -0.005616    -0.031233    +0.000150    +0.119721    +0.001595
0.074200    -0.005552    -0.031235    +0.000170    +0.119719    +0.001598
0.074400    -0.005542    -0.031236    +0.000189    +0.119718    +0.001601
0.074600    -0.005617    -0.031237    +0.000209    +0.119717    +0.001605
0.074800    -0.005457    -0.031238    +0.000229    +0.119716    +0.001608
0.075000    -0.005305    -0.031239    +0.000248    +0.119715    +0.001611
0.075200    -0.005121    -0.031240    +0.000268    +0.119714    +0.001615
0.075400    -0.005052    -0.031241    +0.000288    +0.119713    +0.001618
0.075600    -0.004975    -0.031242    +0.000307    +0.119712    +0.001622
0.075800    -0.004907    -0.031243    +0.000327    +0.119711    +0.001626
