# This is the run log of LabScaleImpacts
# Experiment type: HOLSAPPLE1 (1)
# Time step used = 0.0002
# Top of regolith surface = 0.136654
# Impactor launch speed = 3.7
# Columns are (values in code units, d is penetration depth):
# [t]    [v_y]    [d]    [x]    [y]    [z]

0.000200    +0.000000    +0.042900    +0.000000    +0.193854    +0.000000
0.000400    +0.000000    +0.042900    +0.000000    +0.193854    +0.000000
0.000600    +0.000000    +0.042900    +0.000000    +0.193854    +0.000000
0.000800    +0.000000    +0.042900    +0.000000    +0.193854    +0.000000
0.001000    +0.000000    +0.042900    +0.000000    +0.193854    +0.000000
0.001200    -3.700000    +0.042900    +0.000000    +0.193854    +0.000000
0.001400    -3.701953    +0.042160    +0.000000    +0.193114    +0.000000
0.001600    -3.703905    +0.041419    +0.000000    +0.192373    +0.000000
0.001800    -3.705858    +0.040678    +0.000000    +0.191632    +0.000000
0.002000    -3.707810    +0.039936    +0.000000    +0.190890    +0.000000
0.002200    -3.709763    +0.039194    +0.000000    +0.190148    +0.000000
0.002400    -3.711715    +0.038452    +0.000000    +0.189406    +0.000000
0.002600    -3.713668    +0.037709    +0.000000    +0.188663    +0.000000
0.002800    -3.715620    +0.036966    +0.000000    +0.187920    +0.000000
0.003000    -3.717572    +0.036222    +0.000000    +0.187176    +0.000000
0.003200    -3.719525    +0.035479    +0.000000    +0.186433    +0.000000
0.003400    -3.721477    +0.034734    +0.000000    +0.185688    +0.000000
0.003600    -3.723430    +0.033990    +0.000000    +0.184944    +0.000000
0.003800    -3.725382    +0.033244    +0.000000    +0.184198    +0.000000
0.004000    -3.727334    +0.032499    +0.000000    +0.183453    +0.000000
0.004200    -3.729287    +0.031753    +0.000000    +0.182707    +0.000000
0.004400    -3.731239    +0.031007    +0.000000    +0.181961    +0.000000
0.004600    -3.733192    +0.030260    +0.000000    +0.181214    +0.000000
0.004800    -3.735144    +0.029513    +0.000000    +0.180467    +0.000000
0.005000    -3.737097    +0.028766    +0.000000    +0.179720    +0.000000
0.005200    -3.739049    +0.028018    +0.000000    +0.178972    +0.000000
0.005400    -3.741001    +0.027270    +0.000000    +0.178224    +0.000000
0.005600    -3.742954    +0.026521    +0.000000    +0.177475    +0.000000
0.005800    -3.744906    +0.025772    +0.000000    +0.176726    +0.000000
0.006000    -3.746859    +0.025023    +0.000000    +0.175977    +0.000000
0.006200    -3.748811    +0.024273    +0.000000    +0.175227    +0.000000
0.006400    -3.750763    +0.023523    +0.000000    +0.174477    +0.000000
0.006600    -3.752716    +0.022772    +0.000000    +0.173726    +0.000000
0.006800    -3.754668    +0.022021    +0.000000    +0.172975    +0.000000
0.007000    -3.756621    +0.021270    +0.000000    +0.172224    +0.000000
0.007200    -3.758573    +0.020518    +0.000000    +0.171472    +0.000000
0.007400    -3.760525    +0.019766    +0.000000    +0.170720    +0.000000
0.007600    -3.762478    +0.019014    +0.000000    +0.169968    +0.000000
0.007800    -3.764430    +0.018261    +0.000000    +0.169215    +0.000000
0.008000    -3.766383    +0.017508    +0.000000    +0.168462    +0.000000
0.008200    -3.768335    +0.016754    +0.000000    +0.167708    +0.000000
0.008400    -3.770288    +0.016000    +0.000000    +0.166954    +0.000000
0.008600    -3.772240    +0.015245    +0.000000    +0.166199    +0.000000
0.008800    -3.774192    +0.014491    +0.000000    +0.165445    +0.000000
0.009000    -3.776145    +0.013735    +0.000000    +0.164689    +0.000000
0.009200    -3.778097    +0.012980    +0.000000    +0.163934    +0.000000
0.009400    -3.780050    +0.012224    +0.000000    +0.163178    +0.000000
0.009600    -3.782002    +0.011467    +0.000000    +0.162421    +0.000000
0.009800    -3.783954    +0.010711    +0.000000    +0.161665    +0.000000
0.010000    -3.785907    +0.009953    +0.000000    +0.160907    +0.000000
0.010200    -3.787859    +0.009196    +0.000000    +0.160150    +0.000000
0.010400    -3.789812    +0.008438    +0.000000    +0.159392    +0.000000
0.010600    -3.791764    +0.007680    +0.000000    +0.158634    +0.000000
0.010800    -3.793716    +0.006921    +0.000000    +0.157875    +0.000000
0.011000    -3.795669    +0.006162    +0.000000    +0.157116    +0.000000
0.011200    -3.797621    +0.005402    +0.000000    +0.156356    +0.000000
0.011400    -3.799574    +0.004642    +0.000000    +0.155596    +0.000000
0.011600    -3.801526    +0.003882    +0.000000    +0.154836    +0.000000
0.011800    -3.803478    +0.003121    +0.000000    +0.154075    +0.000000
0.012000    -3.805431    +0.002360    +0.000000    +0.153314    +0.000000
0.012200    -3.807383    +0.001599    +0.000000    +0.152553    +0.000000
0.012400    -3.809336    +0.000837    +0.000000    +0.151791    +0.000000
0.012600    -3.811288    +0.000075    +0.000000    +0.151029    +0.000000
0.012800    -3.813241    -0.000688    +0.000000    +0.150266    +0.000000
0.013000    -3.815193    -0.001451    +0.000000    +0.149503    +0.000000
0.013200    -3.817145    -0.002215    +0.000000    +0.148739    +0.000000
0.013400    -3.819098    -0.002978    +0.000000    +0.147976    +0.000000
0.013600    -3.821050    -0.003743    +0.000000    +0.147211    +0.000000
0.013800    -3.823003    -0.004507    +0.000000    +0.146447    +0.000000
0.014000    -3.824955    -0.005272    +0.000000    +0.145682    +0.000000
0.014200    -3.826907    -0.006038    +0.000000    +0.144916    +0.000000
0.014400    -3.828859    -0.006803    +0.000000    +0.144151    +0.000000
0.014600    -3.830811    -0.007570    +0.000000    +0.143384    +0.000000
0.014800    -3.832763    -0.008336    +0.000000    +0.142618    +0.000000
0.015000    -3.834716    -0.009103    +0.000000    +0.141851    +0.000000
0.015200    -3.836668    -0.009870    +0.000000    +0.141084    +0.000000
0.015400    -3.838620    -0.010638    +0.000000    +0.140316    +0.000000
0.015600    -3.840572    -0.011406    +0.000000    +0.139548    +0.000000
0.015800    -3.842524    -0.012175    +0.000000    +0.138779    +0.000000
0.016000    -3.844476    -0.012944    +0.000000    +0.138010    +0.000000
0.016200    -3.846429    -0.013713    +0.000000    +0.137241    +0.000000
0.016400    -3.848381    -0.014483    +0.000000    +0.136471    +0.000000
0.016600    -3.850333    -0.015253    +0.000000    +0.135701    +0.000000
0.016800    -3.852285    -0.016023    +0.000000    +0.134931    +0.000000
0.017000    -3.445803    -0.016723    -0.000024    +0.134231    -0.000006
0.017200    -3.447756    -0.017413    -0.000052    +0.133541    -0.000013
0.017400    -3.046245    -0.018030    -0.000111    +0.132924    -0.000026
0.017600    -3.007470    -0.018638    -0.000174    +0.132316    -0.000041
0.017800    -2.830081    -0.019213    -0.000250    +0.131741    -0.000058
0.018000    -2.634301    -0.019742    -0.000346    +0.131212    -0.000080
0.018200    -2.467581    -0.020234    -0.000456    +0.130720    -0.000104
0.018400    -1.844426    -0.020607    -0.000569    +0.130347    -0.000134
0.018600    -1.757568    -0.020956    -0.000688    +0.129998    -0.000165
0.018800    -1.422023    -0.021244    -0.000800    +0.129710    -0.000200
0.019000    -1.398230    -0.021520    -0.000911    +0.129434    -0.000235
0.019200    -1.244985    -0.021770    -0.001017    +0.129184    -0.000271
0.019400    -1.240607    -0.022018    -0.001121    +0.128936    -0.000307
0.019600    -1.196504    -0.022260    -0.001223    +0.128694    -0.000340
0.019800    -1.030002    -0.022470    -0.001307    +0.128484    -0.000372
0.020000    -1.000139    -0.022669    -0.001388    +0.128285    -0.000402
0.020200    -0.937627    -0.022858    -0.001463    +0.128096    -0.000431
0.020400    -0.906032    -0.023039    -0.001536    +0.127916    -0.000457
0.020600    -0.844874    -0.023208    -0.001605    +0.127746    -0.000481
0.020800    -0.809535    -0.023370    -0.001671    +0.127584    -0.000504
0.021000    -0.768727    -0.023524    -0.001736    +0.127430    -0.000525
0.021200    -0.729385    -0.023670    -0.001799    +0.127284    -0.000547
0.021400    -0.701225    -0.023810    -0.001861    +0.127144    -0.000567
0.021600    -0.662208    -0.023942    -0.001920    +0.127012    -0.000585
0.021800    -0.642452    -0.024070    -0.001977    +0.126884    -0.000603
0.022000    -0.614946    -0.024194    -0.002033    +0.126760    -0.000619
0.022200    -0.570710    -0.024308    -0.002084    +0.126646    -0.000633
0.022400    -0.534191    -0.024417    -0.002131    +0.126537    -0.000646
0.022600    -0.503751    -0.024517    -0.002174    +0.126437    -0.000657
0.022800    -0.483935    -0.024613    -0.002214    +0.126341    -0.000667
0.023000    -0.473430    -0.024707    -0.002251    +0.126247    -0.000676
0.023200    -0.451839    -0.024798    -0.002287    +0.126156    -0.000684
0.023400    -0.451756    -0.024887    -0.002321    +0.126067    -0.000692
0.023600    -0.438773    -0.024975    -0.002355    +0.125979    -0.000699
0.023800    -0.437265    -0.025062    -0.002388    +0.125892    -0.000705
0.024000    -0.438293    -0.025150    -0.002421    +0.125804    -0.000711
0.024200    -0.420115    -0.025235    -0.002453    +0.125719    -0.000716
0.024400    -0.416973    -0.025317    -0.002483    +0.125637    -0.000721
0.024600    -0.411406    -0.025400    -0.002514    +0.125554    -0.000726
0.024800    -0.400461    -0.025480    -0.002543    +0.125474    -0.000729
0.025000    -0.388595    -0.025558    -0.002571    +0.125396    -0.000732
0.025200    -0.377646    -0.025634    -0.002597    +0.125320    -0.000734
0.025400    -0.367584    -0.025707    -0.002622    +0.125247    -0.000735
0.025600    -0.358962    -0.025779    -0.002646    +0.125175    -0.000735
0.025800    -0.349265    -0.025849    -0.002668    +0.125105    -0.000735
0.026000    -0.341323    -0.025917    -0.002689    +0.125037    -0.000734
0.026200    -0.329770    -0.025983    -0.002709    +0.124971    -0.000731
0.026400    -0.319843    -0.026047    -0.002728    +0.124907    -0.000728
0.026600    -0.310324    -0.026109    -0.002745    +0.124845    -0.000724
0.026800    -0.301062    -0.026169    -0.002762    +0.124785    -0.000719
0.027000    -0.291061    -0.026228    -0.002777    +0.124726    -0.000714
0.027200    -0.283161    -0.026284    -0.002791    +0.124670    -0.000708
0.027400    -0.274685    -0.026339    -0.002804    +0.124615    -0.000701
0.027600    -0.266713    -0.026392    -0.002816    +0.124562    -0.000694
0.027800    -0.259471    -0.026444    -0.002828    +0.124510    -0.000687
0.028000    -0.253074    -0.026495    -0.002839    +0.124459    -0.000679
0.028200    -0.246666    -0.026544    -0.002849    +0.124410    -0.000671
0.028400    -0.240421    -0.026592    -0.002859    +0.124362    -0.000662
0.028600    -0.234910    -0.026639    -0.002868    +0.124315    -0.000654
0.028800    -0.229523    -0.026685    -0.002876    +0.124269    -0.000644
0.029000    -0.224055    -0.026730    -0.002884    +0.124224    -0.000635
0.029200    -0.218930    -0.026774    -0.002891    +0.124180    -0.000626
0.029400    -0.215292    -0.026817    -0.002898    +0.124137    -0.000616
0.029600    -0.211154    -0.026859    -0.002904    +0.124095    -0.000606
0.029800    -0.207842    -0.026900    -0.002910    +0.124054    -0.000596
0.030000    -0.205073    -0.026941    -0.002915    +0.124013    -0.000586
0.030200    -0.202436    -0.026982    -0.002920    +0.123972    -0.000576
0.030400    -0.199786    -0.027022    -0.002925    +0.123932    -0.000566
0.030600    -0.196923    -0.027061    -0.002929    +0.123893    -0.000555
0.030800    -0.194202    -0.027100    -0.002933    +0.123854    -0.000545
0.031000    -0.191654    -0.027138    -0.002937    +0.123816    -0.000535
0.031200    -0.188795    -0.027176    -0.002941    +0.123778    -0.000525
0.031400    -0.186304    -0.027213    -0.002944    +0.123741    -0.000514
0.031600    -0.184151    -0.027250    -0.002947    +0.123704    -0.000504
0.031800    -0.181976    -0.027287    -0.002950    +0.123667    -0.000494
0.032000    -0.180069    -0.027323    -0.002952    +0.123631    -0.000484
0.032200    -0.178403    -0.027358    -0.002955    +0.123596    -0.000475
0.032400    -0.176922    -0.027394    -0.002957    +0.123560    -0.000465
0.032600    -0.175672    -0.027429    -0.002959    +0.123525    -0.000455
0.032800    -0.174560    -0.027464    -0.002961    +0.123490    -0.000446
0.033000    -0.173136    -0.027498    -0.002963    +0.123456    -0.000436
0.033200    -0.171007    -0.027532    -0.002964    +0.123422    -0.000427
0.033400    -0.168478    -0.027566    -0.002965    +0.123388    -0.000417
0.033600    -0.166280    -0.027599    -0.002966    +0.123355    -0.000408
0.033800    -0.163433    -0.027632    -0.002967    +0.123322    -0.000398
0.034000    -0.160931    -0.027664    -0.002967    +0.123290    -0.000389
0.034200    -0.158197    -0.027696    -0.002967    +0.123258    -0.000379
0.034400    -0.156026    -0.027727    -0.002966    +0.123227    -0.000369
0.034600    -0.154251    -0.027758    -0.002966    +0.123196    -0.000360
0.034800    -0.152303    -0.027788    -0.002965    +0.123166    -0.000350
0.035000    -0.150303    -0.027818    -0.002964    +0.123136    -0.000340
0.035200    -0.148379    -0.027848    -0.002962    +0.123106    -0.000331
0.035400    -0.146636    -0.027877    -0.002961    +0.123077    -0.000322
0.035600    -0.145010    -0.027906    -0.002959    +0.123048    -0.000312
0.035800    -0.143441    -0.027935    -0.002957    +0.123019    -0.000303
0.036000    -0.141775    -0.027963    -0.002954    +0.122991    -0.000294
0.036200    -0.140568    -0.027992    -0.002952    +0.122962    -0.000285
0.036400    -0.139379    -0.028019    -0.002949    +0.122935    -0.000276
0.036600    -0.138148    -0.028047    -0.002947    +0.122907    -0.000267
0.036800    -0.136893    -0.028074    -0.002944    +0.122880    -0.000258
0.037000    -0.135784    -0.028101    -0.002941    +0.122853    -0.000250
0.037200    -0.134818    -0.028128    -0.002937    +0.122826    -0.000241
0.037400    -0.134027    -0.028155    -0.002934    +0.122799    -0.000233
0.037600    -0.133445    -0.028182    -0.002930    +0.122772    -0.000225
0.037800    -0.132623    -0.028208    -0.002927    +0.122746    -0.000216
0.038000    -0.132098    -0.028235    -0.002923    +0.122719    -0.000208
0.038200    -0.131586    -0.028261    -0.002919    +0.122693    -0.000200
0.038400    -0.130988    -0.028287    -0.002915    +0.122667    -0.000192
0.038600    -0.130313    -0.028313    -0.002910    +0.122641    -0.000184
0.038800    -0.129441    -0.028339    -0.002906    +0.122615    -0.000176
0.039000    -0.128818    -0.028365    -0.002901    +0.122589    -0.000169
0.039200    -0.128430    -0.028391    -0.002897    +0.122563    -0.000161
0.039400    -0.127626    -0.028416    -0.002892    +0.122538    -0.000154
0.039600    -0.126183    -0.028441    -0.002887    +0.122513    -0.000146
0.039800    -0.123924    -0.028466    -0.002882    +0.122488    -0.000139
0.040000    -0.121754    -0.028491    -0.002876    +0.122463    -0.000132
0.040200    -0.119660    -0.028515    -0.002870    +0.122439    -0.000125
0.040400    -0.117549    -0.028538    -0.002863    +0.122416    -0.000117
0.040600    -0.115288    -0.028561    -0.002857    +0.122393    -0.000110
0.040800    -0.113188    -0.028584    -0.002849    +0.122370    -0.000103
0.041000    -0.111412    -0.028606    -0.002842    +0.122348    -0.000096
0.041200    -0.109626    -0.028628    -0.002834    +0.122326    -0.000090
0.041400    -0.108094    -0.028650    -0.002826    +0.122304    -0.000083
0.041600    -0.106876    -0.028671    -0.002818    +0.122283    -0.000076
0.041800    -0.105950    -0.028692    -0.002809    +0.122262    -0.000069
0.042000    -0.105253    -0.028713    -0.002800    +0.122241    -0.000062
0.042200    -0.104672    -0.028734    -0.002791    +0.122220    -0.000056
0.042400    -0.104388    -0.028755    -0.002782    +0.122199    -0.000049
0.042600    -0.104459    -0.028776    -0.002773    +0.122178    -0.000042
0.042800    -0.104678    -0.028797    -0.002763    +0.122157    -0.000036
0.043000    -0.104850    -0.028818    -0.002754    +0.122136    -0.000029
0.043200    -0.105232    -0.028839    -0.002745    +0.122115    -0.000023
0.043400    -0.105496    -0.028860    -0.002735    +0.122094    -0.000016
0.043600    -0.105888    -0.028881    -0.002725    +0.122073    -0.000010
0.043800    -0.106342    -0.028902    -0.002716    +0.122052    -0.000004
0.044000    -0.106691    -0.028924    -0.002706    +0.122030    +0.000002
0.044200    -0.107091    -0.028945    -0.002696    +0.122009    +0.000008
0.044400    -0.107295    -0.028966    -0.002686    +0.121988    +0.000014
0.044600    -0.107618    -0.028988    -0.002676    +0.121966    +0.000020
0.044800    -0.107932    -0.029010    -0.002666    +0.121944    +0.000025
0.045000    -0.108114    -0.029031    -0.002656    +0.121923    +0.000031
0.045200    -0.108231    -0.029053    -0.002645    +0.121901    +0.000037
0.045400    -0.108294    -0.029075    -0.002635    +0.121879    +0.000042
0.045600    -0.108267    -0.029096    -0.002625    +0.121858    +0.000048
0.045800    -0.108280    -0.029118    -0.002614    +0.121836    +0.000053
0.046000    -0.108100    -0.029140    -0.002604    +0.121815    +0.000058
0.046200    -0.107366    -0.029161    -0.002593    +0.121793    +0.000064
0.046400    -0.106388    -0.029182    -0.002583    +0.121772    +0.000068
0.046600    -0.105741    -0.029203    -0.002572    +0.121751    +0.000073
0.046800    -0.105399    -0.029224    -0.002561    +0.121730    +0.000078
0.047000    -0.105141    -0.029246    -0.002550    +0.121708    +0.000082
0.047200    -0.104880    -0.029266    -0.002539    +0.121688    +0.000086
0.047400    -0.104383    -0.029287    -0.002528    +0.121667    +0.000090
0.047600    -0.103985    -0.029308    -0.002517    +0.121646    +0.000094
0.047800    -0.103549    -0.029329    -0.002506    +0.121625    +0.000098
0.048000    -0.103107    -0.029350    -0.002495    +0.121604    +0.000101
0.048200    -0.102792    -0.029370    -0.002484    +0.121584    +0.000104
0.048400    -0.102813    -0.029391    -0.002472    +0.121563    +0.000108
0.048600    -0.102771    -0.029411    -0.002461    +0.121543    +0.000111
0.048800    -0.102596    -0.029432    -0.002450    +0.121522    +0.000113
0.049000    -0.102553    -0.029452    -0.002438    +0.121502    +0.000116
0.049200    -0.102396    -0.029473    -0.002427    +0.121481    +0.000118
0.049400    -0.102227    -0.029493    -0.002415    +0.121461    +0.000120
0.049600    -0.102180    -0.029514    -0.002404    +0.121440    +0.000122
0.049800    -0.102252    -0.029534    -0.002392    +0.121420    +0.000124
0.050000    -0.102489    -0.029554    -0.002381    +0.121400    +0.000125
0.050200    -0.102859    -0.029575    -0.002369    +0.121379    +0.000127
0.050400    -0.103330    -0.029596    -0.002358    +0.121358    +0.000128
0.050600    -0.103891    -0.029616    -0.002346    +0.121338    +0.000129
0.050800    -0.104511    -0.029637    -0.002335    +0.121317    +0.000130
0.051000    -0.105207    -0.029658    -0.002323    +0.121296    +0.000131
0.051200    -0.105938    -0.029680    -0.002311    +0.121274    +0.000131
0.051400    -0.106672    -0.029701    -0.002300    +0.121253    +0.000132
0.051600    -0.107389    -0.029722    -0.002288    +0.121232    +0.000132
0.051800    -0.108032    -0.029744    -0.002276    +0.121210    +0.000133
0.052000    -0.108569    -0.029766    -0.002264    +0.121188    +0.000133
0.052200    -0.109127    -0.029788    -0.002253    +0.121166    +0.000133
0.052400    -0.109733    -0.029809    -0.002241    +0.121145    +0.000133
0.052600    -0.110127    -0.029832    -0.002229    +0.121122    +0.000132
0.052800    -0.109933    -0.029854    -0.002217    +0.121100    +0.000132
0.053000    -0.109381    -0.029875    -0.002205    +0.121079    +0.000131
0.053200    -0.109169    -0.029897    -0.002193    +0.121057    +0.000130
0.053400    -0.109094    -0.029919    -0.002181    +0.121035    +0.000128
0.053600    -0.108552    -0.029941    -0.002169    +0.121013    +0.000127
0.053800    -0.108181    -0.029962    -0.002157    +0.120992    +0.000125
0.054000    -0.107964    -0.029984    -0.002145    +0.120970    +0.000123
0.054200    -0.106763    -0.030005    -0.002133    +0.120949    +0.000121
0.054400    -0.106074    -0.030027    -0.002120    +0.120927    +0.000118
0.054600    -0.105601    -0.030048    -0.002108    +0.120906    +0.000116
0.054800    -0.105228    -0.030069    -0.002095    +0.120885    +0.000113
0.055000    -0.105074    -0.030090    -0.002082    +0.120864    +0.000110
0.055200    -0.104736    -0.030111    -0.002069    +0.120843    +0.000107
0.055400    -0.104198    -0.030132    -0.002055    +0.120822    +0.000103
0.055600    -0.103522    -0.030152    -0.002042    +0.120802    +0.000100
0.055800    -0.102987    -0.030173    -0.002029    +0.120781    +0.000096
0.056000    -0.102694    -0.030193    -0.002015    +0.120761    +0.000093
0.056200    -0.102435    -0.030214    -0.002002    +0.120740    +0.000089
0.056400    -0.102193    -0.030234    -0.001988    +0.120720    +0.000085
0.056600    -0.100881    -0.030255    -0.001975    +0.120699    +0.000080
0.056800    -0.092292    -0.030273    -0.001961    +0.120681    +0.000077
0.057000    -0.085254    -0.030290    -0.001948    +0.120664    +0.000074
0.057200    -0.078463    -0.030306    -0.001936    +0.120648    +0.000073
0.057400    -0.072391    -0.030321    -0.001923    +0.120633    +0.000072
0.057600    -0.067342    -0.030334    -0.001911    +0.120620    +0.000071
0.057800    -0.063376    -0.030347    -0.001900    +0.120607    +0.000071
0.058000    -0.060230    -0.030359    -0.001888    +0.120595    +0.000072
0.058200    -0.057658    -0.030370    -0.001877    +0.120584    +0.000073
0.058400    -0.055389    -0.030381    -0.001866    +0.120573    +0.000075
0.058600    -0.053548    -0.030392    -0.001855    +0.120562    +0.000077
0.058800    -0.051667    -0.030402    -0.001844    +0.120552    +0.000079
0.059000    -0.050273    -0.030412    -0.001834    +0.120542    +0.000081
0.059200    -0.048949    -0.030422    -0.001823    +0.120532    +0.000084
0.059400    -0.047940    -0.030432    -0.001813    +0.120522    +0.000087
0.059600    -0.047252    -0.030441    -0.001803    +0.120513    +0.000090
0.059800    -0.046909    -0.030450    -0.001792    +0.120504    +0.000093
0.060000    -0.046589    -0.030460    -0.001782    +0.120494    +0.000096
0.060200    -0.046294    -0.030469    -0.001772    +0.120485    +0.000099
0.060400    -0.045980    -0.030478    -0.001762    +0.120476    +0.000102
0.060600    -0.045742    -0.030487    -0.001752    +0.120467    +0.000105
0.060800    -0.045543    -0.030496    -0.001742    +0.120458    +0.000108
0.061000    -0.045306    -0.030505    -0.001733    +0.120449    +0.000111
0.061200    -0.045014    -0.030514    -0.001723    +0.120440    +0.000115
0.061400    -0.044691    -0.030523    -0.001713    +0.120431    +0.000118
0.061600    -0.044427    -0.030532    -0.001703    +0.120422    +0.000121
0.061800    -0.044060    -0.030541    -0.001693    +0.120413    +0.000124
0.062000    -0.043631    -0.030550    -0.001684    +0.120404    +0.000128
0.062200    -0.043044    -0.030558    -0.001674    +0.120396    +0.000131
0.062400    -0.042148    -0.030567    -0.001665    +0.120387    +0.000134
0.062600    -0.040919    -0.030575    -0.001655    +0.120379    +0.000138
0.062800    -0.039075    -0.030583    -0.001645    +0.120371    +0.000141
0.063000    -0.036989    -0.030590    -0.001636    +0.120364    +0.000145
0.063200    -0.034919    -0.030597    -0.001626    +0.120357    +0.000148
0.063400    -0.032605    -0.030604    -0.001617    +0.120350    +0.000152
0.063600    -0.029975    -0.030610    -0.001607    +0.120344    +0.000155
0.063800    -0.027187    -0.030615    -0.001597    +0.120339    +0.000158
0.064000    -0.024859    -0.030620    -0.001587    +0.120334    +0.000162
0.064200    -0.023086    -0.030625    -0.001577    +0.120329    +0.000166
0.064400    -0.022122    -0.030629    -0.001567    +0.120325    +0.000170
0.064600    -0.021660    -0.030633    -0.001558    +0.120321    +0.000174
0.064800    -0.021428    -0.030638    -0.001548    +0.120316    +0.000177
0.065000    -0.021151    -0.030642    -0.001538    +0.120312    +0.000181
0.065200    -0.020532    -0.030646    -0.001528    +0.120308    +0.000186
0.065400    -0.019657    -0.030650    -0.001518    +0.120304    +0.000189
0.065600    -0.018742    -0.030654    -0.001508    +0.120300    +0.000193
0.065800    -0.017863    -0.030657    -0.001499    +0.120297    +0.000197
0.066000    -0.017275    -0.030661    -0.001489    +0.120293    +0.000201
0.066200    -0.016804    -0.030664    -0.001479    +0.120290    +0.000205
0.066400    -0.016379    -0.030667    -0.001469    +0.120287    +0.000208
0.066600    -0.015988    -0.030671    -0.001459    +0.120283    +0.000212
0.066800    -0.015743    -0.030674    -0.001450    +0.120280    +0.000216
0.067000    -0.015467    -0.030677    -0.001440    +0.120277    +0.000220
0.067200    -0.014893    -0.030680    -0.001430    +0.120274    +0.000224
0.067400    -0.014360    -0.030683    -0.001421    +0.120271    +0.000228
0.067600    -0.013611    -0.030685    -0.001411    +0.120269    +0.000231
0.067800    -0.013029    -0.030688    -0.001402    +0.120266    +0.000236
0.068000    -0.012592    -0.030690    -0.001392    +0.120264    +0.000240
0.068200    -0.012295    -0.030693    -0.001383    +0.120261    +0.000244
0.068400    -0.011917    -0.030695    -0.001373    +0.120259    +0.000248
0.068600    -0.011597    -0.030698    -0.001364    +0.120256    +0.000252
0.068800    -0.011417    -0.030700    -0.001354    +0.120254    +0.000256
0.069000    -0.011199    -0.030702    -0.001345    +0.120252    +0.000260
0.069200    -0.010659    -0.030704    -0.001335    +0.120250    +0.000265
0.069400    -0.009384    -0.030706    -0.001326    +0.120248    +0.000269
0.069600    -0.008087    -0.030708    -0.001317    +0.120246    +0.000273
0.069800    -0.007144    -0.030709    -0.001307    +0.120245    +0.000277
0.070000    -0.006244    -0.030710    -0.001298    +0.120244    +0.000282
0.070200    -0.005530    -0.030712    -0.001289    +0.120242    +0.000286
0.070400    -0.004981    -0.030713    -0.001280    +0.120241    +0.000290
0.070600    -0.004511    -0.030713    -0.001271    +0.120241    +0.000294
0.070800    -0.004217    -0.030714    -0.001263    +0.120240    +0.000298
0.071000    -0.003868    -0.030715    -0.001254    +0.120239    +0.000302
0.071200    -0.003565    -0.030716    -0.001245    +0.120238    +0.000306
0.071400    -0.003275    -0.030716    -0.001236    +0.120238    +0.000310
0.071600    -0.002868    -0.030717    -0.001228    +0.120237    +0.000314
0.071800    -0.002467    -0.030717    -0.001219    +0.120237    +0.000318
0.072000    -0.002122    -0.030718    -0.001210    +0.120236    +0.000322
0.072200    -0.001876    -0.030718    -0.001202    +0.120236    +0.000326
0.072400    -0.001736    -0.030719    -0.001193    +0.120235    +0.000330
0.072600    -0.001722    -0.030719    -0.001185    +0.120235    +0.000334
0.072800    -0.001671    -0.030719    -0.001176    +0.120235    +0.000338
0.073000    -0.001773    -0.030720    -0.001168    +0.120234    +0.000342
0.073200    -0.001771    -0.030720    -0.001160    +0.120234    +0.000346
0.073400    -0.001695    -0.030720    -0.001151    +0.120234    +0.000351
0.073600    -0.001609    -0.030721    -0.001143    +0.120233    +0.000355
0.073800    -0.001516    -0.030721    -0.001135    +0.120233    +0.000359
0.074000    -0.001390    -0.030721    -0.001127    +0.120233    +0.000363
0.074200    -0.001252    -0.030721    -0.001118    +0.120233    +0.000367
0.074400    -0.001176    -0.030722    -0.001110    +0.120232    +0.000371
0.074600    -0.001119    -0.030722    -0.001102    +0.120232    +0.000375
0.074800    -0.001046    -0.030722    -0.001094    +0.120232    +0.000380
0.075000    -0.001019    -0.030722    -0.001086    +0.120232    +0.000384
0.075200    -0.000962    -0.030722    -0.001078    +0.120232    +0.000388
0.075400    -0.000973    -0.030723    -0.001070    +0.120231    +0.000392
0.075600    -0.001107    -0.030723    -0.001062    +0.120231    +0.000396
0.075800    -0.001144    -0.030723    -0.001053    +0.120231    +0.000401
0.076000    -0.001028    -0.030723    -0.001045    +0.120231    +0.000405
0.076200    -0.000910    -0.030723    -0.001037    +0.120231    +0.000409
0.076400    -0.000799    -0.030724    -0.001029    +0.120230    +0.000413
0.076600    -0.000883    -0.030724    -0.001021    +0.120230    +0.000417
0.076800    -0.000845    -0.030724    -0.001013    +0.120230    +0.000421
0.077000    -0.000783    -0.030724    -0.001005    +0.120230    +0.000425
0.077200    -0.000791    -0.030724    -0.000997    +0.120230    +0.000430
0.077400    -0.000880    -0.030724    -0.000988    +0.120230    +0.000434
0.077600    -0.000827    -0.030725    -0.000980    +0.120229    +0.000438
0.077800    -0.000632    -0.030725    -0.000972    +0.120229    +0.000442
0.078000    -0.000465    -0.030725    -0.000964    +0.120229    +0.000446
0.078200    -0.000258    -0.030725    -0.000956    +0.120229    +0.000451
0.078400    -0.000173    -0.030725    -0.000948    +0.120229    +0.000455
0.078600    -0.000089    -0.030725    -0.000940    +0.120229    +0.000459
0.078800    -0.000165    -0.030725    -0.000932    +0.120229    +0.000463
0.079000    -0.000286    -0.030725    -0.000924    +0.120229    +0.000467
0.079200    -0.000462    -0.030725    -0.000916    +0.120229    +0.000472
0.079400    -0.000531    -0.030725    -0.000908    +0.120229    +0.000476
0.079600    -0.000472    -0.030725    -0.000900    +0.120229    +0.000480
0.079800    -0.000420    -0.030725    -0.000892    +0.120229    +0.000484
0.080000    -0.000415    -0.030725    -0.000884    +0.120229    +0.000488
0.080200    -0.000416    -0.030726    -0.000876    +0.120228    +0.000493
0.080400    -0.000272    -0.030726    -0.000868    +0.120228    +0.000497
0.080600    -0.000122    -0.030726    -0.000860    +0.120228    +0.000501
0.080800    -0.000029    -0.030726    -0.000852    +0.120228    +0.000505
0.081000    +0.000099    -0.030726    -0.000844    +0.120228    +0.000509
0.081200    +0.000243    -0.030726    -0.000836    +0.120228    +0.000513
0.081400    +0.000413    -0.030725    -0.000828    +0.120229    +0.000517
0.081600    +0.000670    -0.030725    -0.000820    +0.120229    +0.000522
0.081800    +0.000902    -0.030725    -0.000812    +0.120229    +0.000526
0.082000    +0.001146    -0.030725    -0.000805    +0.120229    +0.000530
0.082200    +0.001391    -0.030725    -0.000797    +0.120229    +0.000534
0.082400    +0.001504    -0.030724    -0.000789    +0.120230    +0.000538
0.082600    +0.001669    -0.030724    -0.000781    +0.120230    +0.000542
0.082800    +0.001651    -0.030724    -0.000773    +0.120230    +0.000546
0.083000    +0.001417    -0.030723    -0.000766    +0.120231    +0.000550
0.083200    +0.001173    -0.030723    -0.000758    +0.120231    +0.000554
0.083400    +0.000904    -0.030723    -0.000750    +0.120231    +0.000558
0.083600    +0.000666    -0.030723    -0.000743    +0.120231    +0.000563
0.083800    +0.000591    -0.030723    -0.000735    +0.120231    +0.000567
0.084000    +0.000628    -0.030723    -0.000727    +0.120231    +0.000571
0.084200    +0.000680    -0.030722    -0.000720    +0.120232    +0.000575
0.084400    +0.000452    -0.030722    -0.000712    +0.120232    +0.000579
0.084600    +0.000101    -0.030722    -0.000705    +0.120232    +0.000583
0.084800    -0.000241    -0.030722    -0.000697    +0.120232    +0.000587
0.085000    -0.000480    -0.030722    -0.000690    +0.120232    +0.000591
0.085200    -0.000580    -0.030723    -0.000682    +0.120231    +0.000595
0.085400    -0.000699    -0.030723    -0.000675    +0.120231    +0.000599
0.085600    -0.000899    -0.030723    -0.000667    +0.120231    +0.000603
0.085800    -0.001015    -0.030723    -0.000660    +0.120231    +0.000607
0.086000    -0.000938    -0.030723    -0.000652    +0.120231    +0.000611
0.086200    -0.000770    -0.030723    -0.000644    +0.120231    +0.000614
0.086400    -0.000781    -0.030724    -0.000637    +0.120230    +0.000618
0.086600    -0.000675    -0.030724    -0.000629    +0.120230    +0.000622
0.086800    -0.000634    -0.030724    -0.000622    +0.120230    +0.000626
0.087000    -0.000357    -0.030724    -0.000614    +0.120230    +0.000629
0.087200    -0.000308    -0.030724    -0.000606    +0.120230    +0.000633
0.087400    -0.000081    -0.030724    -0.000599    +0.120230    +0.000637
0.087600    -0.000021    -0.030724    -0.000591    +0.120230    +0.000641
0.087800    +0.000101    -0.030724    -0.000583    +0.120230    +0.000645
0.088000    +0.000379    -0.030724    -0.000575    +0.120230    +0.000649
0.088200    +0.000700    -0.030724    -0.000567    +0.120230    +0.000653
0.088400    +0.000946    -0.030724    -0.000560    +0.120230    +0.000657
0.088600    +0.001181    -0.030723    -0.000552    +0.120231    +0.000662
0.088800    +0.001344    -0.030723    -0.000544    +0.120231    +0.000666
0.089000    +0.001417    -0.030723    -0.000536    +0.120231    +0.000670
0.089200    +0.001421    -0.030722    -0.000529    +0.120232    +0.000674
0.089400    +0.001275    -0.030722    -0.000521    +0.120232    +0.000677
0.089600    +0.001122    -0.030722    -0.000513    +0.120232    +0.000681
0.089800    +0.000886    -0.030722    -0.000505    +0.120232    +0.000685
0.090000    +0.000589    -0.030722    -0.000497    +0.120232    +0.000689
0.090200    +0.000193    -0.030722    -0.000489    +0.120232    +0.000693
0.090400    -0.000114    -0.030722    -0.000481    +0.120232    +0.000697
0.090600    -0.000340    -0.030722    -0.000473    +0.120232    +0.000700
0.090800    -0.000473    -0.030722    -0.000465    +0.120232    +0.000704
0.091000    -0.000506    -0.030722    -0.000457    +0.120232    +0.000708
0.091200    -0.000455    -0.030722    -0.000449    +0.120232    +0.000712
0.091400    -0.000308    -0.030722    -0.000441    +0.120232    +0.000715
0.091600    -0.000358    -0.030722    -0.000433    +0.120232    +0.000719
0.091800    -0.000282    -0.030722    -0.000424    +0.120232    +0.000723
0.092000    -0.000199    -0.030722    -0.000416    +0.120232    +0.000727
0.092200    -0.000161    -0.030722    -0.000408    +0.120232    +0.000731
0.092400    -0.000192    -0.030722    -0.000400    +0.120232    +0.000735
0.092600    -0.000379    -0.030722    -0.000391    +0.120232    +0.000738
0.092800    -0.000640    -0.030722    -0.000383    +0.120232    +0.000743
0.093000    -0.000809    -0.030723    -0.000375    +0.120231    +0.000747
0.093200    -0.000888    -0.030723    -0.000367    +0.120231    +0.000751
0.093400    -0.000577    -0.030723    -0.000359    +0.120231    +0.000755
0.093600    -0.000692    -0.030723    -0.000350    +0.120231    +0.000759
0.093800    -0.000855    -0.030723    -0.000342    +0.120231    +0.000763
0.094000    -0.001124    -0.030723    -0.000334    +0.120231    +0.000767
0.094200    -0.001156    -0.030724    -0.000326    +0.120230    +0.000771
0.094400    -0.001332    -0.030724    -0.000318    +0.120230    +0.000774
0.094600    -0.001379    -0.030724    -0.000310    +0.120230    +0.000778
0.094800    -0.001490    -0.030725    -0.000301    +0.120229    +0.000782
0.095000    -0.001743    -0.030725    -0.000293    +0.120229    +0.000786
0.095200    -0.002127    -0.030725    -0.000285    +0.120229    +0.000790
0.095400    -0.002514    -0.030726    -0.000277    +0.120228    +0.000794
0.095600    -0.002751    -0.030726    -0.000269    +0.120228    +0.000798
0.095800    -0.002892    -0.030727    -0.000261    +0.120227    +0.000801
0.096000    -0.002913    -0.030728    -0.000253    +0.120226    +0.000805
0.096200    -0.003046    -0.030728    -0.000244    +0.120226    +0.000809
0.096400    -0.003151    -0.030729    -0.000236    +0.120225    +0.000813
0.096600    -0.003336    -0.030729    -0.000228    +0.120225    +0.000817
0.096800    -0.003486    -0.030730    -0.000220    +0.120224    +0.000821
0.097000    -0.003692    -0.030731    -0.000212    +0.120223    +0.000825
0.097200    -0.003741    -0.030732    -0.000203    +0.120222    +0.000829
0.097401    -0.003613    -0.030732    -0.000195    +0.120222    +0.000833
0.097601    -0.003509    -0.030733    -0.000187    +0.120221    +0.000837
0.097801    -0.003276    -0.030734    -0.000179    +0.120220    +0.000842
0.098001    -0.003111    -0.030734    -0.000170    +0.120220    +0.000846
0.098201    -0.002979    -0.030735    -0.000162    +0.120219    +0.000850
0.098401    -0.002901    -0.030736    -0.000154    +0.120218    +0.000854
0.098601    -0.002844    -0.030736    -0.000146    +0.120218    +0.000858
0.098801    -0.002820    -0.030737    -0.000137    +0.120217    +0.000862
0.099001    -0.002815    -0.030737    -0.000129    +0.120217    +0.000866
0.099201    -0.002890    -0.030738    -0.000121    +0.120216    +0.000870
0.099401    -0.003068    -0.030738    -0.000112    +0.120216    +0.000875
0.099601    -0.003225    -0.030739    -0.000104    +0.120215    +0.000879
0.099801    -0.003103    -0.030740    -0.000096    +0.120214    +0.000883
0.100001    -0.002966    -0.030740    -0.000088    +0.120214    +0.000887
0.100201    -0.002917    -0.030741    -0.000079    +0.120213    +0.000891
0.100401    -0.002883    -0.030741    -0.000071    +0.120213    +0.000895
0.100601    -0.002878    -0.030742    -0.000063    +0.120212    +0.000899
0.100801    -0.002787    -0.030743    -0.000054    +0.120211    +0.000903
0.101001    -0.002659    -0.030743    -0.000046    +0.120211    +0.000907
0.101201    -0.002598    -0.030744    -0.000037    +0.120210    +0.000911
0.101401    -0.002450    -0.030744    -0.000029    +0.120210    +0.000914
0.101601    -0.002494    -0.030745    -0.000021    +0.120209    +0.000918
0.101801    -0.002480    -0.030745    -0.000012    +0.120209    +0.000922
0.102001    -0.002520    -0.030746    -0.000004    +0.120208    +0.000926
0.102201    -0.002488    -0.030746    +0.000005    +0.120208    +0.000929
0.102401    -0.002486    -0.030747    +0.000013    +0.120207    +0.000933
0.102601    -0.002522    -0.030747    +0.000022    +0.120207    +0.000937
0.102801    -0.002541    -0.030748    +0.000031    +0.120206    +0.000941
0.103001    -0.002594    -0.030748    +0.000039    +0.120206    +0.000944
0.103201    -0.002556    -0.030749    +0.000048    +0.120205    +0.000948
0.103401    -0.002481    -0.030749    +0.000057    +0.120205    +0.000952
0.103601    -0.002498    -0.030750    +0.000065    +0.120204    +0.000956
0.103801    -0.002406    -0.030750    +0.000074    +0.120204    +0.000960
0.104001    -0.002196    -0.030751    +0.000083    +0.120203    +0.000963
0.104201    -0.002076    -0.030751    +0.000091    +0.120203    +0.000967
0.104401    -0.002022    -0.030751    +0.000100    +0.120203    +0.000971
0.104601    -0.002108    -0.030752    +0.000109    +0.120202    +0.000975
0.104801    -0.001967    -0.030752    +0.000117    +0.120202    +0.000979
