# This is the run log of LabScaleImpacts
# Experiment type: HOLSAPPLE1 (1)
# Time step used = 0.0002
# Top of regolith surface = 0.136654
# Impactor launch speed = 6.17
# Columns are (values in code units, d is penetration depth):
# [t]    [v_y]    [d]    [x]    [y]    [z]

0.000200    +0.000000    +0.042900    +0.000000    +0.193854    +0.000000
0.000400    +0.000000    +0.042900    +0.000000    +0.193854    +0.000000
0.000600    +0.000000    +0.042900    +0.000000    +0.193854    +0.000000
0.000800    -6.170000    +0.042900    +0.000000    +0.193854    +0.000000
0.001000    -6.171947    +0.041666    +0.000000    +0.192620    +0.000000
0.001200    -6.173895    +0.040431    +0.000000    +0.191385    +0.000000
0.001400    -6.175842    +0.039196    +0.000000    +0.190150    +0.000000
0.001600    -6.177790    +0.037960    +0.000000    +0.188914    +0.000000
0.001800    -6.179737    +0.036724    +0.000000    +0.187678    +0.000000
0.002000    -6.181684    +0.035488    +0.000000    +0.186442    +0.000000
0.002200    -6.183632    +0.034251    +0.000000    +0.185205    +0.000000
0.002400    -6.185579    +0.033014    +0.000000    +0.183968    +0.000000
0.002600    -6.187527    +0.031776    +0.000000    +0.182730    +0.000000
0.002800    -6.189474    +0.030539    +0.000000    +0.181493    +0.000000
0.003000    -6.191422    +0.029300    +0.000000    +0.180254    +0.000000
0.003200    -6.193369    +0.028062    +0.000000    +0.179016    +0.000000
0.003400    -6.195316    +0.026823    +0.000000    +0.177777    +0.000000
0.003600    -6.197264    +0.025583    +0.000000    +0.176537    +0.000000
0.003800    -6.199211    +0.024343    +0.000000    +0.175297    +0.000000
0.004000    -6.201159    +0.023103    +0.000000    +0.174057    +0.000000
0.004200    -6.203106    +0.021862    +0.000000    +0.172816    +0.000000
0.004400    -6.205053    +0.020621    +0.000000    +0.171575    +0.000000
0.004600    -6.207001    +0.019380    +0.000000    +0.170334    +0.000000
0.004800    -6.208948    +0.018138    +0.000000    +0.169092    +0.000000
0.005000    -6.210896    +0.016896    +0.000000    +0.167850    +0.000000
0.005200    -6.212843    +0.015653    +0.000000    +0.166607    +0.000000
0.005400    -6.214790    +0.014410    +0.000000    +0.165365    +0.000000
0.005600    -6.216738    +0.013167    +0.000000    +0.164121    +0.000000
0.005800    -6.218685    +0.011923    +0.000000    +0.162877    +0.000000
0.006000    -6.220633    +0.010679    +0.000000    +0.161633    +0.000000
0.006200    -6.222580    +0.009435    +0.000000    +0.160389    +0.000000
0.006400    -6.224527    +0.008190    +0.000000    +0.159144    +0.000000
0.006600    -6.226475    +0.006945    +0.000000    +0.157899    +0.000000
0.006800    -6.228422    +0.005699    +0.000000    +0.156653    +0.000000
0.007000    -6.230370    +0.004453    +0.000000    +0.155407    +0.000000
0.007200    -6.232317    +0.003206    +0.000000    +0.154160    +0.000000
0.007400    -6.234264    +0.001959    +0.000000    +0.152913    +0.000000
0.007600    -6.236211    +0.000712    +0.000000    +0.151666    +0.000000
0.007800    -6.238158    -0.000535    +0.000000    +0.150419    +0.000000
0.008000    -6.240105    -0.001783    +0.000000    +0.149171    +0.000000
0.008200    -6.242052    -0.003032    +0.000000    +0.147922    +0.000000
0.008400    -6.243999    -0.004281    +0.000000    +0.146673    +0.000000
0.008600    -6.245946    -0.005530    +0.000000    +0.145424    +0.000000
0.008800    -6.247893    -0.006779    +0.000000    +0.144175    +0.000000
0.009000    -6.249840    -0.008029    +0.000000    +0.142925    +0.000000
0.009200    -6.251787    -0.009280    +0.000000    +0.141674    +0.000000
0.009400    -6.253734    -0.010530    +0.000000    +0.140424    +0.000000
0.009600    -6.255681    -0.011782    +0.000000    +0.139172    +0.000000
0.009800    -6.257627    -0.013033    +0.000000    +0.137921    +0.000000
0.010000    -6.259574    -0.014285    +0.000000    +0.136669    +0.000000
0.010200    -6.261521    -0.015537    +0.000000    +0.135417    +0.000000
0.010400    -6.263468    -0.016790    +0.000000    +0.134164    +0.000000
0.010600    -5.614192    -0.017928    -0.000039    +0.133026    -0.000009
0.010800    -5.186572    -0.018986    -0.000111    +0.131968    -0.000026
0.011000    -4.846172    -0.019973    -0.000209    +0.130981    -0.000046
0.011200    -4.711155    -0.020927    -0.000317    +0.130027    -0.000067
0.011400    -3.467005    -0.021655    -0.000427    +0.129299    -0.000095
0.011600    -3.268592    -0.022321    -0.000540    +0.128633    -0.000122
0.011800    -2.613061    -0.022829    -0.000690    +0.128125    -0.000155
0.012000    -2.062792    -0.023224    -0.000824    +0.127730    -0.000186
0.012200    -1.743253    -0.023560    -0.000945    +0.127394    -0.000220
0.012400    -1.552220    -0.023857    -0.001055    +0.127097    -0.000252
0.012600    -1.418541    -0.024136    -0.001156    +0.126818    -0.000284
0.012800    -1.333634    -0.024399    -0.001252    +0.126555    -0.000317
0.013000    -1.222357    -0.024644    -0.001338    +0.126310    -0.000350
0.013200    -1.160803    -0.024873    -0.001420    +0.126081    -0.000383
0.013400    -1.088935    -0.025091    -0.001495    +0.125863    -0.000414
0.013600    -1.059846    -0.025303    -0.001567    +0.125651    -0.000444
0.013800    -1.030515    -0.025509    -0.001634    +0.125445    -0.000473
0.014000    -0.956630    -0.025701    -0.001690    +0.125253    -0.000499
0.014200    -0.939440    -0.025887    -0.001742    +0.125067    -0.000524
0.014400    -0.897873    -0.026067    -0.001790    +0.124887    -0.000546
0.014600    -0.888702    -0.026245    -0.001836    +0.124709    -0.000568
0.014800    -0.843146    -0.026414    -0.001877    +0.124540    -0.000588
0.015000    -0.832510    -0.026581    -0.001916    +0.124373    -0.000606
0.015200    -0.796648    -0.026742    -0.001952    +0.124212    -0.000623
0.015400    -0.774213    -0.026896    -0.001985    +0.124058    -0.000638
0.015600    -0.751623    -0.027047    -0.002016    +0.123907    -0.000651
0.015800    -0.728326    -0.027192    -0.002044    +0.123762    -0.000662
0.016000    -0.703874    -0.027333    -0.002070    +0.123621    -0.000672
0.016200    -0.680239    -0.027470    -0.002093    +0.123484    -0.000679
0.016400    -0.641843    -0.027598    -0.002109    +0.123356    -0.000685
0.016600    -0.617498    -0.027721    -0.002123    +0.123233    -0.000690
0.016800    -0.602772    -0.027842    -0.002136    +0.123112    -0.000694
0.017000    -0.587124    -0.027959    -0.002148    +0.122995    -0.000697
0.017200    -0.576385    -0.028075    -0.002158    +0.122879    -0.000699
0.017400    -0.565672    -0.028188    -0.002168    +0.122766    -0.000700
0.017600    -0.551964    -0.028298    -0.002176    +0.122656    -0.000700
0.017800    -0.537443    -0.028406    -0.002183    +0.122548    -0.000699
0.018000    -0.527975    -0.028511    -0.002189    +0.122443    -0.000697
0.018200    -0.519075    -0.028615    -0.002193    +0.122339    -0.000694
0.018400    -0.511026    -0.028717    -0.002197    +0.122237    -0.000690
0.018600    -0.503877    -0.028818    -0.002200    +0.122136    -0.000685
0.018800    -0.496972    -0.028917    -0.002202    +0.122037    -0.000680
0.019000    -0.488785    -0.029015    -0.002204    +0.121939    -0.000674
0.019200    -0.479859    -0.029111    -0.002204    +0.121843    -0.000667
0.019400    -0.470858    -0.029205    -0.002204    +0.121749    -0.000660
0.019600    -0.461343    -0.029297    -0.002203    +0.121657    -0.000652
0.019800    -0.454613    -0.029388    -0.002201    +0.121566    -0.000644
0.020000    -0.449492    -0.029478    -0.002199    +0.121476    -0.000636
0.020200    -0.445985    -0.029567    -0.002196    +0.121387    -0.000627
0.020400    -0.443472    -0.029656    -0.002193    +0.121298    -0.000618
0.020600    -0.439945    -0.029744    -0.002190    +0.121210    -0.000608
0.020800    -0.435766    -0.029831    -0.002186    +0.121123    -0.000598
0.021000    -0.430557    -0.029917    -0.002182    +0.121037    -0.000588
0.021200    -0.425480    -0.030002    -0.002177    +0.120952    -0.000578
0.021400    -0.419562    -0.030086    -0.002172    +0.120868    -0.000567
0.021600    -0.413552    -0.030169    -0.002166    +0.120785    -0.000555
0.021800    -0.406707    -0.030250    -0.002159    +0.120704    -0.000543
0.022000    -0.400907    -0.030330    -0.002152    +0.120624    -0.000531
0.022200    -0.394759    -0.030409    -0.002144    +0.120545    -0.000518
0.022400    -0.389109    -0.030487    -0.002136    +0.120467    -0.000505
0.022600    -0.383629    -0.030564    -0.002127    +0.120390    -0.000492
0.022800    -0.378258    -0.030640    -0.002118    +0.120314    -0.000479
0.023000    -0.373235    -0.030714    -0.002108    +0.120240    -0.000465
0.023200    -0.368918    -0.030788    -0.002098    +0.120166    -0.000450
0.023400    -0.365539    -0.030861    -0.002087    +0.120093    -0.000436
0.023600    -0.362131    -0.030933    -0.002076    +0.120021    -0.000422
0.023800    -0.359546    -0.031005    -0.002065    +0.119949    -0.000407
0.024000    -0.357759    -0.031077    -0.002053    +0.119877    -0.000392
0.024200    -0.355761    -0.031148    -0.002041    +0.119806    -0.000377
0.024400    -0.354064    -0.031219    -0.002029    +0.119735    -0.000362
0.024600    -0.352910    -0.031289    -0.002017    +0.119665    -0.000347
0.024800    -0.351431    -0.031359    -0.002004    +0.119595    -0.000331
0.025000    -0.350151    -0.031429    -0.001991    +0.119525    -0.000316
0.025200    -0.347523    -0.031499    -0.001978    +0.119455    -0.000300
0.025400    -0.344189    -0.031568    -0.001965    +0.119386    -0.000284
0.025600    -0.325486    -0.031634    -0.001951    +0.119320    -0.000267
0.025800    -0.317770    -0.031697    -0.001939    +0.119257    -0.000249
0.026000    -0.314336    -0.031760    -0.001926    +0.119194    -0.000231
0.026200    -0.311147    -0.031822    -0.001913    +0.119132    -0.000213
0.026400    -0.296336    -0.031882    -0.001901    +0.119072    -0.000195
0.026600    -0.289866    -0.031939    -0.001891    +0.119015    -0.000175
0.026800    -0.287606    -0.031997    -0.001880    +0.118957    -0.000156
0.027000    -0.285558    -0.032054    -0.001870    +0.118900    -0.000136
0.027200    -0.271931    -0.032109    -0.001860    +0.118845    -0.000116
0.027400    -0.265886    -0.032161    -0.001852    +0.118793    -0.000095
0.027600    -0.264637    -0.032214    -0.001843    +0.118740    -0.000074
0.027800    -0.264049    -0.032267    -0.001835    +0.118687    -0.000052
0.028000    -0.263679    -0.032320    -0.001827    +0.118634    -0.000031
0.028200    -0.251953    -0.032370    -0.001819    +0.118584    -0.000009
0.028400    -0.246479    -0.032419    -0.001813    +0.118535    +0.000013
0.028600    -0.241839    -0.032468    -0.001806    +0.118486    +0.000035
0.028800    -0.232973    -0.032515    -0.001800    +0.118439    +0.000058
0.029000    -0.223330    -0.032560    -0.001795    +0.118394    +0.000080
0.029200    -0.213917    -0.032602    -0.001790    +0.118352    +0.000103
0.029400    -0.205919    -0.032644    -0.001785    +0.118310    +0.000125
0.029600    -0.197670    -0.032683    -0.001781    +0.118271    +0.000148
0.029800    -0.191078    -0.032721    -0.001778    +0.118233    +0.000170
0.030000    -0.184382    -0.032758    -0.001774    +0.118196    +0.000193
0.030200    -0.178967    -0.032794    -0.001771    +0.118160    +0.000215
0.030400    -0.173981    -0.032829    -0.001768    +0.118125    +0.000237
0.030600    -0.169606    -0.032863    -0.001766    +0.118091    +0.000260
0.030800    -0.164969    -0.032896    -0.001763    +0.118058    +0.000282
0.031000    -0.161069    -0.032928    -0.001761    +0.118026    +0.000304
0.031200    -0.157587    -0.032959    -0.001759    +0.117995    +0.000326
0.031400    -0.154896    -0.032990    -0.001757    +0.117964    +0.000348
0.031600    -0.152519    -0.033021    -0.001756    +0.117933    +0.000370
0.031800    -0.149810    -0.033051    -0.001754    +0.117903    +0.000392
0.032000    -0.147516    -0.033080    -0.001753    +0.117874    +0.000414
0.032200    -0.142058    -0.033108    -0.001751    +0.117846    +0.000435
0.032400    -0.136695    -0.033136    -0.001750    +0.117818    +0.000457
0.032600    -0.131516    -0.033162    -0.001748    +0.117792    +0.000479
0.032800    -0.126772    -0.033188    -0.001746    +0.117766    +0.000501
0.033000    -0.122450    -0.033212    -0.001744    +0.117742    +0.000522
0.033200    -0.118370    -0.033236    -0.001741    +0.117718    +0.000543
0.033400    -0.114458    -0.033259    -0.001738    +0.117695    +0.000565
0.033600    -0.111221    -0.033281    -0.001735    +0.117673    +0.000586
0.033800    -0.108432    -0.033302    -0.001731    +0.117652    +0.000607
0.034000    -0.106059    -0.033324    -0.001727    +0.117630    +0.000628
0.034200    -0.104240    -0.033344    -0.001723    +0.117610    +0.000650
0.034400    -0.102672    -0.033365    -0.001718    +0.117589    +0.000671
0.034600    -0.101352    -0.033385    -0.001713    +0.117569    +0.000692
0.034800    -0.100145    -0.033405    -0.001709    +0.117549    +0.000713
0.035000    -0.099069    -0.033425    -0.001704    +0.117529    +0.000734
0.035200    -0.097978    -0.033445    -0.001699    +0.117509    +0.000755
0.035400    -0.096798    -0.033464    -0.001693    +0.117490    +0.000776
0.035600    -0.095689    -0.033483    -0.001688    +0.117471    +0.000797
0.035800    -0.094456    -0.033502    -0.001683    +0.117452    +0.000818
0.036000    -0.093290    -0.033521    -0.001677    +0.117433    +0.000839
0.036200    -0.092104    -0.033539    -0.001672    +0.117415    +0.000860
0.036400    -0.090973    -0.033557    -0.001666    +0.117397    +0.000881
0.036600    -0.090020    -0.033575    -0.001661    +0.117379    +0.000902
0.036800    -0.089021    -0.033593    -0.001655    +0.117361    +0.000923
0.037000    -0.087885    -0.033611    -0.001649    +0.117343    +0.000943
0.037200    -0.086705    -0.033628    -0.001644    +0.117326    +0.000964
0.037400    -0.085715    -0.033645    -0.001638    +0.117309    +0.000985
0.037600    -0.084749    -0.033662    -0.001632    +0.117292    +0.001006
0.037800    -0.084064    -0.033679    -0.001627    +0.117275    +0.001027
0.038000    -0.083538    -0.033696    -0.001621    +0.117259    +0.001048
0.038200    -0.081296    -0.033712    -0.001615    +0.117242    +0.001069
0.038400    -0.077304    -0.033727    -0.001610    +0.117227    +0.001089
0.038600    -0.074257    -0.033742    -0.001604    +0.117212    +0.001110
0.038800    -0.069272    -0.033756    -0.001598    +0.117198    +0.001130
0.039000    -0.065175    -0.033769    -0.001592    +0.117185    +0.001149
0.039200    -0.061267    -0.033782    -0.001586    +0.117172    +0.001168
0.039400    -0.058143    -0.033793    -0.001580    +0.117161    +0.001186
0.039600    -0.056176    -0.033804    -0.001574    +0.117150    +0.001204
0.039800    -0.054451    -0.033815    -0.001567    +0.117139    +0.001222
0.040000    -0.053001    -0.033826    -0.001561    +0.117128    +0.001239
0.040200    -0.051672    -0.033836    -0.001555    +0.117118    +0.001256
0.040400    -0.050292    -0.033846    -0.001548    +0.117108    +0.001272
0.040600    -0.048165    -0.033856    -0.001541    +0.117098    +0.001288
0.040800    -0.045254    -0.033865    -0.001534    +0.117089    +0.001304
0.041000    -0.042253    -0.033873    -0.001527    +0.117081    +0.001319
0.041200    -0.039988    -0.033881    -0.001520    +0.117073    +0.001333
0.041400    -0.037567    -0.033889    -0.001513    +0.117065    +0.001347
0.041600    -0.035608    -0.033896    -0.001506    +0.117058    +0.001360
0.041800    -0.034149    -0.033903    -0.001498    +0.117051    +0.001372
0.042000    -0.032414    -0.033909    -0.001491    +0.117045    +0.001385
0.042200    -0.030434    -0.033915    -0.001483    +0.117039    +0.001397
0.042400    -0.028633    -0.033921    -0.001476    +0.117033    +0.001409
0.042600    -0.027055    -0.033926    -0.001468    +0.117028    +0.001421
0.042800    -0.025633    -0.033931    -0.001461    +0.117023    +0.001433
0.043000    -0.024469    -0.033936    -0.001454    +0.117018    +0.001445
0.043200    -0.023731    -0.033941    -0.001446    +0.117013    +0.001457
0.043400    -0.023101    -0.033945    -0.001439    +0.117009    +0.001469
0.043600    -0.022730    -0.033950    -0.001431    +0.117004    +0.001481
0.043800    -0.022413    -0.033954    -0.001424    +0.117000    +0.001493
0.044000    -0.022335    -0.033959    -0.001417    +0.116995    +0.001505
0.044200    -0.022395    -0.033963    -0.001410    +0.116991    +0.001517
0.044400    -0.022670    -0.033968    -0.001402    +0.116986    +0.001529
0.044600    -0.022941    -0.033972    -0.001395    +0.116982    +0.001540
0.044800    -0.023202    -0.033977    -0.001388    +0.116977    +0.001552
0.045000    -0.023212    -0.033982    -0.001381    +0.116972    +0.001564
0.045200    -0.022946    -0.033986    -0.001374    +0.116968    +0.001575
0.045400    -0.022661    -0.033991    -0.001367    +0.116963    +0.001587
0.045600    -0.022400    -0.033995    -0.001360    +0.116959    +0.001598
0.045800    -0.022032    -0.034000    -0.001353    +0.116954    +0.001610
0.046000    -0.021692    -0.034004    -0.001346    +0.116950    +0.001621
0.046200    -0.021517    -0.034008    -0.001339    +0.116946    +0.001632
0.046400    -0.021456    -0.034013    -0.001333    +0.116941    +0.001643
0.046600    -0.021432    -0.034017    -0.001326    +0.116937    +0.001654
0.046800    -0.021285    -0.034021    -0.001319    +0.116933    +0.001666
0.047000    -0.021015    -0.034025    -0.001312    +0.116929    +0.001677
0.047200    -0.020738    -0.034030    -0.001306    +0.116924    +0.001688
0.047400    -0.020303    -0.034034    -0.001299    +0.116920    +0.001699
0.047600    -0.019874    -0.034038    -0.001293    +0.116916    +0.001710
0.047800    -0.019410    -0.034041    -0.001286    +0.116913    +0.001721
0.048000    -0.019005    -0.034045    -0.001280    +0.116909    +0.001731
0.048200    -0.018450    -0.034049    -0.001273    +0.116905    +0.001742
0.048400    -0.017680    -0.034052    -0.001267    +0.116902    +0.001753
0.048600    -0.017131    -0.034056    -0.001260    +0.116898    +0.001763
0.048800    -0.016792    -0.034059    -0.001254    +0.116895    +0.001774
0.049000    -0.016613    -0.034063    -0.001248    +0.116891    +0.001784
0.049200    -0.016466    -0.034066    -0.001242    +0.116888    +0.001795
0.049400    -0.016396    -0.034069    -0.001236    +0.116885    +0.001805
0.049600    -0.016381    -0.034072    -0.001230    +0.116882    +0.001816
0.049800    -0.016427    -0.034076    -0.001223    +0.116878    +0.001826
0.050000    -0.016515    -0.034079    -0.001217    +0.116875    +0.001836
0.050200    -0.016638    -0.034082    -0.001211    +0.116872    +0.001847
0.050400    -0.016601    -0.034086    -0.001206    +0.116868    +0.001857
0.050600    -0.016492    -0.034089    -0.001200    +0.116865    +0.001867
0.050800    -0.016268    -0.034092    -0.001194    +0.116862    +0.001877
0.051000    -0.016035    -0.034095    -0.001188    +0.116859    +0.001887
0.051200    -0.015694    -0.034099    -0.001182    +0.116855    +0.001897
0.051400    -0.014960    -0.034102    -0.001177    +0.116852    +0.001908
0.051600    -0.014154    -0.034104    -0.001171    +0.116850    +0.001918
0.051800    -0.013567    -0.034107    -0.001165    +0.116847    +0.001927
0.052000    -0.012835    -0.034110    -0.001160    +0.116844    +0.001937
0.052200    -0.012188    -0.034112    -0.001154    +0.116842    +0.001947
0.052400    -0.011691    -0.034114    -0.001149    +0.116840    +0.001957
0.052600    -0.011221    -0.034117    -0.001144    +0.116837    +0.001966
0.052800    -0.010769    -0.034119    -0.001138    +0.116835    +0.001975
0.053000    -0.010388    -0.034121    -0.001133    +0.116833    +0.001984
0.053200    -0.010024    -0.034123    -0.001128    +0.116831    +0.001993
0.053400    -0.009706    -0.034125    -0.001122    +0.116829    +0.002002
0.053600    -0.009373    -0.034127    -0.001117    +0.116827    +0.002010
0.053800    -0.008989    -0.034129    -0.001112    +0.116825    +0.002019
0.054000    -0.008448    -0.034130    -0.001107    +0.116824    +0.002027
0.054200    -0.007719    -0.034132    -0.001101    +0.116822    +0.002036
0.054400    -0.006934    -0.034133    -0.001096    +0.116821    +0.002044
0.054600    -0.006165    -0.034134    -0.001091    +0.116820    +0.002052
0.054800    -0.005006    -0.034135    -0.001086    +0.116819    +0.002060
0.055000    -0.003813    -0.034136    -0.001081    +0.116818    +0.002068
0.055200    -0.002436    -0.034137    -0.001077    +0.116817    +0.002076
0.055400    -0.001186    -0.034137    -0.001072    +0.116817    +0.002084
0.055600    -0.000148    -0.034137    -0.001067    +0.116817    +0.002091
0.055800    +0.000683    -0.034137    -0.001062    +0.116817    +0.002099
0.056000    +0.001444    -0.034137    -0.001057    +0.116817    +0.002106
0.056200    +0.001940    -0.034136    -0.001053    +0.116818    +0.002113
0.056400    +0.002446    -0.034136    -0.001048    +0.116818    +0.002120
0.056600    +0.002953    -0.034135    -0.001043    +0.116819    +0.002127
0.056800    +0.003474    -0.034134    -0.001039    +0.116820    +0.002134
0.057000    +0.003897    -0.034134    -0.001034    +0.116820    +0.002141
0.057200    +0.004286    -0.034133    -0.001029    +0.116821    +0.002147
0.057400    +0.004445    -0.034132    -0.001025    +0.116822    +0.002154
0.057600    +0.004410    -0.034131    -0.001020    +0.116823    +0.002160
0.057800    +0.004458    -0.034130    -0.001016    +0.116824    +0.002167
0.058000    +0.004499    -0.034129    -0.001012    +0.116825    +0.002173
0.058200    +0.004613    -0.034128    -0.001007    +0.116826    +0.002180
0.058400    +0.004752    -0.034127    -0.001003    +0.116827    +0.002186
0.058600    +0.004938    -0.034126    -0.000999    +0.116828    +0.002192
0.058800    +0.005068    -0.034125    -0.000994    +0.116829    +0.002199
0.059000    +0.005284    -0.034124    -0.000990    +0.116830    +0.002205
0.059200    +0.005533    -0.034123    -0.000986    +0.116831    +0.002211
0.059400    +0.005807    -0.034122    -0.000982    +0.116832    +0.002217
0.059600    +0.006219    -0.034121    -0.000977    +0.116833    +0.002223
0.059800    +0.006671    -0.034119    -0.000973    +0.116835    +0.002229
0.060000    +0.007048    -0.034118    -0.000969    +0.116836    +0.002234
0.060200    +0.007240    -0.034116    -0.000965    +0.116838    +0.002240
0.060400    +0.007484    -0.034115    -0.000961    +0.116839    +0.002245
0.060600    +0.007752    -0.034113    -0.000957    +0.116841    +0.002250
0.060800    +0.007997    -0.034112    -0.000953    +0.116842    +0.002254
0.061000    +0.008302    -0.034110    -0.000950    +0.116844    +0.002259
0.061200    +0.008549    -0.034108    -0.000946    +0.116846    +0.002264
0.061400    +0.008663    -0.034107    -0.000942    +0.116847    +0.002268
0.061600    +0.008814    -0.034105    -0.000938    +0.116849    +0.002272
0.061800    +0.008989    -0.034103    -0.000934    +0.116851    +0.002276
0.062000    +0.009174    -0.034101    -0.000931    +0.116853    +0.002280
0.062200    +0.009328    -0.034099    -0.000927    +0.116855    +0.002284
0.062400    +0.009388    -0.034098    -0.000923    +0.116856    +0.002288
0.062600    +0.009315    -0.034096    -0.000920    +0.116858    +0.002292
0.062800    +0.009114    -0.034094    -0.000916    +0.116860    +0.002295
0.063000    +0.009106    -0.034092    -0.000913    +0.116862    +0.002299
0.063200    +0.009141    -0.034090    -0.000909    +0.116864    +0.002302
0.063400    +0.008936    -0.034088    -0.000906    +0.116866    +0.002306
0.063600    +0.008747    -0.034087    -0.000903    +0.116867    +0.002309
0.063800    +0.008626    -0.034085    -0.000899    +0.116869    +0.002312
0.064000    +0.008697    -0.034083    -0.000896    +0.116871    +0.002315
0.064200    +0.008823    -0.034081    -0.000893    +0.116873    +0.002319
0.064400    +0.008962    -0.034080    -0.000890    +0.116874    +0.002322
0.064600    +0.009042    -0.034078    -0.000886    +0.116876    +0.002325
0.064800    +0.009044    -0.034076    -0.000883    +0.116878    +0.002328
0.065000    +0.008951    -0.034074    -0.000880    +0.116880    +0.002331
0.065200    +0.008743    -0.034072    -0.000877    +0.116882    +0.002334
0.065400    +0.008781    -0.034071    -0.000874    +0.116883    +0.002336
0.065600    +0.008663    -0.034069    -0.000871    +0.116885    +0.002339
0.065800    +0.008296    -0.034067    -0.000868    +0.116887    +0.002342
0.066000    +0.007961    -0.034066    -0.000865    +0.116888    +0.002344
0.066200    +0.007591    -0.034064    -0.000862    +0.116890    +0.002347
0.066400    +0.007262    -0.034063    -0.000859    +0.116891    +0.002350
0.066600    +0.006915    -0.034061    -0.000857    +0.116893    +0.002352
0.066800    +0.006768    -0.034060    -0.000854    +0.116894    +0.002355
0.067000    +0.006709    -0.034059    -0.000851    +0.116895    +0.002358
0.067200    +0.006914    -0.034057    -0.000848    +0.116897    +0.002360
0.067400    +0.007197    -0.034056    -0.000846    +0.116898    +0.002362
0.067600    +0.007566    -0.034054    -0.000843    +0.116900    +0.002364
0.067800    +0.007774    -0.034053    -0.000841    +0.116901    +0.002366
0.068000    +0.007664    -0.034051    -0.000838    +0.116903    +0.002368
0.068200    +0.007678    -0.034050    -0.000836    +0.116904    +0.002370
0.068400    +0.007530    -0.034048    -0.000834    +0.116906    +0.002372
0.068600    +0.007456    -0.034047    -0.000831    +0.116907    +0.002374
0.068800    +0.007376    -0.034045    -0.000829    +0.116909    +0.002376
0.069000    +0.007133    -0.034044    -0.000827    +0.116910    +0.002378
0.069200    +0.006960    -0.034042    -0.000825    +0.116912    +0.002380
0.069400    +0.006806    -0.034041    -0.000822    +0.116913    +0.002382
0.069600    +0.006706    -0.034040    -0.000820    +0.116914    +0.002383
0.069800    +0.006450    -0.034038    -0.000818    +0.116916    +0.002385
0.070000    +0.006322    -0.034037    -0.000816    +0.116917    +0.002386
0.070200    +0.006126    -0.034036    -0.000814    +0.116918    +0.002388
0.070400    +0.006300    -0.034035    -0.000812    +0.116919    +0.002389
0.070600    +0.006235    -0.034034    -0.000810    +0.116921    +0.002390
0.070800    +0.006067    -0.034032    -0.000808    +0.116922    +0.002391
0.071000    +0.005843    -0.034031    -0.000806    +0.116923    +0.002391
0.071200    +0.005505    -0.034030    -0.000804    +0.116924    +0.002392
0.071400    +0.005264    -0.034029    -0.000802    +0.116925    +0.002393
0.071600    +0.004895    -0.034028    -0.000800    +0.116926    +0.002393
0.071800    +0.004159    -0.034027    -0.000798    +0.116927    +0.002394
0.072000    +0.003767    -0.034026    -0.000796    +0.116928    +0.002394
0.072200    +0.003635    -0.034026    -0.000794    +0.116928    +0.002395
0.072400    +0.003580    -0.034025    -0.000793    +0.116929    +0.002395
0.072600    +0.003402    -0.034024    -0.000791    +0.116930    +0.002396
0.072800    +0.003527    -0.034024    -0.000789    +0.116930    +0.002396
0.073000    +0.003921    -0.034023    -0.000787    +0.116931    +0.002396
0.073200    +0.004358    -0.034022    -0.000785    +0.116932    +0.002396
0.073400    +0.004971    -0.034021    -0.000784    +0.116933    +0.002396
0.073600    +0.005182    -0.034020    -0.000782    +0.116934    +0.002396
0.073800    +0.005323    -0.034019    -0.000780    +0.116935    +0.002395
0.074000    +0.005724    -0.034018    -0.000779    +0.116936    +0.002395
0.074200    +0.005713    -0.034017    -0.000777    +0.116937    +0.002394
0.074400    +0.005663    -0.034015    -0.000776    +0.116939    +0.002394
0.074600    +0.005723    -0.034014    -0.000774    +0.116940    +0.002393
0.074800    +0.005646    -0.034013    -0.000773    +0.116941    +0.002392
0.075000    +0.005325    -0.034012    -0.000772    +0.116942    +0.002392
0.075200    +0.005196    -0.034011    -0.000770    +0.116943    +0.002391
0.075400    +0.004930    -0.034010    -0.000769    +0.116944    +0.002390
0.075600    +0.004449    -0.034009    -0.000768    +0.116945    +0.002390
0.075800    +0.003981    -0.034008    -0.000767    +0.116946    +0.002389
0.076000    +0.003717    -0.034008    -0.000766    +0.116946    +0.002388
0.076200    +0.003491    -0.034007    -0.000765    +0.116947    +0.002387
0.076400    +0.003530    -0.034006    -0.000763    +0.116948    +0.002387
0.076600    +0.003482    -0.034005    -0.000762    +0.116949    +0.002386
0.076800    +0.003542    -0.034005    -0.000761    +0.116949    +0.002385
0.077000    +0.003529    -0.034004    -0.000760    +0.116950    +0.002384
0.077200    +0.003450    -0.034003    -0.000759    +0.116951    +0.002382
0.077400    +0.003414    -0.034003    -0.000758    +0.116951    +0.002381
0.077600    +0.003358    -0.034002    -0.000757    +0.116952    +0.002380
0.077800    +0.003435    -0.034001    -0.000756    +0.116953    +0.002378
0.078000    +0.003430    -0.034001    -0.000755    +0.116953    +0.002377
0.078200    +0.003554    -0.034000    -0.000755    +0.116954    +0.002376
0.078400    +0.003669    -0.033999    -0.000754    +0.116955    +0.002374
0.078600    +0.003504    -0.033998    -0.000753    +0.116956    +0.002373
0.078800    +0.003513    -0.033998    -0.000753    +0.116956    +0.002371
0.079000    +0.003473    -0.033997    -0.000752    +0.116957    +0.002369
0.079200    +0.003409    -0.033996    -0.000751    +0.116958    +0.002368
0.079400    +0.003095    -0.033996    -0.000750    +0.116958    +0.002366
0.079600    +0.002814    -0.033995    -0.000750    +0.116959    +0.002364
0.079800    +0.002581    -0.033995    -0.000749    +0.116959    +0.002362
0.080000    +0.002669    -0.033994    -0.000748    +0.116960    +0.002360
0.080200    +0.002738    -0.033994    -0.000748    +0.116960    +0.002359
0.080400    +0.002687    -0.033993    -0.000747    +0.116961    +0.002357
0.080600    +0.002526    -0.033993    -0.000747    +0.116961    +0.002355
0.080800    +0.002408    -0.033992    -0.000746    +0.116962    +0.002353
0.081000    +0.002380    -0.033992    -0.000745    +0.116962    +0.002351
0.081200    +0.002858    -0.033991    -0.000745    +0.116963    +0.002349
0.081400    +0.003471    -0.033990    -0.000744    +0.116964    +0.002347
0.081600    +0.004237    -0.033990    -0.000744    +0.116964    +0.002345
0.081800    +0.004970    -0.033989    -0.000743    +0.116965    +0.002343
0.082000    +0.005222    -0.033988    -0.000743    +0.116966    +0.002341
0.082200    +0.005028    -0.033986    -0.000742    +0.116968    +0.002340
0.082400    +0.004903    -0.033986    -0.000742    +0.116968    +0.002338
0.082600    +0.004719    -0.033985    -0.000741    +0.116969    +0.002336
0.082800    +0.004562    -0.033984    -0.000741    +0.116970    +0.002334
0.083000    +0.004367    -0.033983    -0.000740    +0.116971    +0.002333
0.083200    +0.004148    -0.033982    -0.000740    +0.116972    +0.002331
0.083400    +0.003882    -0.033981    -0.000739    +0.116973    +0.002329
0.083600    +0.003642    -0.033980    -0.000739    +0.116974    +0.002327
0.083800    +0.003473    -0.033980    -0.000738    +0.116974    +0.002326
0.084000    +0.003295    -0.033979    -0.000738    +0.116975    +0.002324
0.084200    +0.003184    -0.033978    -0.000738    +0.116976    +0.002322
0.084400    +0.003047    -0.033978    -0.000737    +0.116976    +0.002320
0.084600    +0.003352    -0.033977    -0.000737    +0.116977    +0.002319
0.084800    +0.003794    -0.033976    -0.000737    +0.116978    +0.002317
0.085000    +0.004539    -0.033976    -0.000737    +0.116978    +0.002315
0.085200    +0.005145    -0.033975    -0.000737    +0.116979    +0.002314
0.085400    +0.005460    -0.033973    -0.000737    +0.116981    +0.002312
0.085600    +0.005762    -0.033972    -0.000737    +0.116982    +0.002311
0.085800    +0.006228    -0.033971    -0.000737    +0.116983    +0.002310
0.086000    +0.006090    -0.033970    -0.000737    +0.116984    +0.002308
0.086200    +0.005612    -0.033969    -0.000738    +0.116985    +0.002307
0.086400    +0.004698    -0.033968    -0.000738    +0.116986    +0.002306
0.086600    +0.003736    -0.033967    -0.000738    +0.116987    +0.002304
0.086800    +0.003091    -0.033966    -0.000739    +0.116988    +0.002303
0.087000    +0.002628    -0.033966    -0.000739    +0.116988    +0.002302
0.087200    +0.002398    -0.033965    -0.000740    +0.116989    +0.002301
0.087400    +0.002147    -0.033965    -0.000740    +0.116989    +0.002299
0.087600    +0.001880    -0.033964    -0.000741    +0.116990    +0.002298
0.087800    +0.001648    -0.033964    -0.000741    +0.116990    +0.002296
0.088000    +0.001487    -0.033964    -0.000742    +0.116990    +0.002295
0.088200    +0.001330    -0.033964    -0.000742    +0.116990    +0.002293
0.088400    +0.001449    -0.033963    -0.000743    +0.116991    +0.002291
0.088600    +0.001465    -0.033963    -0.000744    +0.116991    +0.002290
0.088800    +0.001452    -0.033963    -0.000744    +0.116991    +0.002288
0.089000    +0.001446    -0.033962    -0.000745    +0.116992    +0.002286
0.089200    +0.001494    -0.033962    -0.000745    +0.116992    +0.002285
0.089400    +0.001498    -0.033962    -0.000746    +0.116992    +0.002283
0.089600    +0.001521    -0.033962    -0.000746    +0.116992    +0.002281
0.089800    +0.001357    -0.033961    -0.000747    +0.116993    +0.002279
0.090000    +0.001278    -0.033961    -0.000747    +0.116993    +0.002277
0.090200    +0.001040    -0.033961    -0.000747    +0.116993    +0.002275
0.090400    +0.000626    -0.033961    -0.000748    +0.116993    +0.002273
0.090600    +0.000499    -0.033961    -0.000748    +0.116993    +0.002271
0.090800    +0.000290    -0.033961    -0.000748    +0.116993    +0.002269
0.091000    -0.000178    -0.033961    -0.000749    +0.116993    +0.002267
0.091200    -0.000444    -0.033961    -0.000749    +0.116993    +0.002265
0.091400    -0.000499    -0.033961    -0.000750    +0.116993    +0.002263
0.091600    -0.000602    -0.033961    -0.000750    +0.116993    +0.002261
0.091800    -0.000839    -0.033961    -0.000751    +0.116993    +0.002259
0.092000    -0.001036    -0.033961    -0.000751    +0.116993    +0.002257
0.092200    -0.000982    -0.033961    -0.000752    +0.116993    +0.002255
0.092400    -0.000871    -0.033962    -0.000752    +0.116992    +0.002253
0.092600    -0.000847    -0.033962    -0.000753    +0.116992    +0.002252
0.092800    -0.000818    -0.033962    -0.000753    +0.116992    +0.002250
0.093000    -0.000677    -0.033962    -0.000754    +0.116992    +0.002248
0.093200    -0.000596    -0.033962    -0.000755    +0.116992    +0.002246
0.093400    -0.000533    -0.033962    -0.000755    +0.116992    +0.002244
0.093600    -0.000412    -0.033962    -0.000756    +0.116992    +0.002242
0.093800    -0.000527    -0.033962    -0.000757    +0.116992    +0.002240
0.094000    -0.000736    -0.033963    -0.000758    +0.116991    +0.002238
0.094200    -0.001066    -0.033963    -0.000758    +0.116991    +0.002237
0.094400    -0.001573    -0.033963    -0.000759    +0.116991    +0.002235
0.094600    -0.002033    -0.033964    -0.000760    +0.116990    +0.002233
0.094800    -0.002325    -0.033964    -0.000761    +0.116990    +0.002231
0.095000    -0.002622    -0.033965    -0.000761    +0.116989    +0.002230
0.095200    -0.002553    -0.033965    -0.000762    +0.116989    +0.002228
0.095400    -0.002811    -0.033966    -0.000763    +0.116988    +0.002227
0.095600    -0.002838    -0.033966    -0.000764    +0.116988    +0.002225
0.095800    -0.002723    -0.033967    -0.000765    +0.116987    +0.002224
0.096000    -0.002742    -0.033967    -0.000766    +0.116987    +0.002222
0.096200    -0.002937    -0.033968    -0.000767    +0.116986    +0.002221
0.096400    -0.003094    -0.033968    -0.000768    +0.116986    +0.002219
0.096600    -0.003182    -0.033969    -0.000769    +0.116985    +0.002218
0.096800    -0.003250    -0.033970    -0.000770    +0.116984    +0.002216
0.097000    -0.003335    -0.033970    -0.000771    +0.116984    +0.002215
0.097200    -0.003119    -0.033971    -0.000773    +0.116983    +0.002213
0.097401    -0.003100    -0.033972    -0.000774    +0.116982    +0.002212
0.097601    -0.003101    -0.033972    -0.000775    +0.116982    +0.002210
0.097801    -0.003040    -0.033973    -0.000777    +0.116981    +0.002208
0.098001    -0.003085    -0.033974    -0.000778    +0.116980    +0.002207
0.098201    -0.003307    -0.033974    -0.000779    +0.116980    +0.002205
0.098401    -0.003486    -0.033975    -0.000781    +0.116979    +0.002203
0.098601    -0.003650    -0.033976    -0.000782    +0.116978    +0.002202
0.098801    -0.003732    -0.033976    -0.000784    +0.116978    +0.002200
0.099001    -0.003782    -0.033977    -0.000785    +0.116977    +0.002198
0.099201    -0.003823    -0.033978    -0.000787    +0.116976    +0.002196
0.099401    -0.003891    -0.033979    -0.000788    +0.116975    +0.002195
0.099601    -0.004152    -0.033979    -0.000790    +0.116975    +0.002193
0.099801    -0.004338    -0.033980    -0.000792    +0.116974    +0.002191
0.100001    -0.004342    -0.033981    -0.000793    +0.116973    +0.002189
0.100201    -0.004486    -0.033982    -0.000795    +0.116972    +0.002187
0.100401    -0.004329    -0.033983    -0.000797    +0.116971    +0.002185
0.100601    -0.004187    -0.033984    -0.000798    +0.116970    +0.002183
0.100801    -0.004268    -0.033985    -0.000800    +0.116969    +0.002182
0.101001    -0.004439    -0.033986    -0.000802    +0.116968    +0.002180
0.101201    -0.004679    -0.033986    -0.000804    +0.116968    +0.002178
0.101401    -0.004871    -0.033987    -0.000806    +0.116967    +0.002177
0.101601    -0.005155    -0.033988    -0.000808    +0.116966    +0.002175
0.101801    -0.005292    -0.033990    -0.000810    +0.116964    +0.002173
0.102001    -0.005387    -0.033991    -0.000812    +0.116963    +0.002172
0.102201    -0.005407    -0.033992    -0.000815    +0.116962    +0.002170
0.102401    -0.005540    -0.033993    -0.000817    +0.116961    +0.002168
0.102601    -0.005563    -0.033994    -0.000819    +0.116960    +0.002166
0.102801    -0.005657    -0.033995    -0.000821    +0.116959    +0.002165
0.103001    -0.005915    -0.033996    -0.000824    +0.116958    +0.002163
0.103201    -0.006202    -0.033997    -0.000826    +0.116957    +0.002161
0.103401    -0.006433    -0.033999    -0.000828    +0.116955    +0.002159
0.103601    -0.006474    -0.034000    -0.000831    +0.116954    +0.002157
0.103801    -0.006446    -0.034001    -0.000833    +0.116953    +0.002155
0.104001    -0.006413    -0.034003    -0.000836    +0.116951    +0.002153
0.104201    -0.006297    -0.034004    -0.000838    +0.116950    +0.002150
0.104401    -0.006294    -0.034005    -0.000841    +0.116949    +0.002148
0.104601    -0.006297    -0.034006    -0.000843    +0.116948    +0.002146
0.104801    -0.006696    -0.034008    -0.000845    +0.116946    +0.002144
0.105001    -0.006747    -0.034009    -0.000848    +0.116945    +0.002142
0.105201    -0.006273    -0.034010    -0.000850    +0.116944    +0.002140
0.105401    -0.005800    -0.034011    -0.000853    +0.116943    +0.002137
0.105601    -0.005077    -0.034012    -0.000856    +0.116942    +0.002135
0.105801    -0.004566    -0.034013    -0.000858    +0.116941    +0.002133
0.106001    -0.004179    -0.034014    -0.000861    +0.116940    +0.002131
0.106201    -0.003730    -0.034015    -0.000864    +0.116939    +0.002129
0.106401    -0.003521    -0.034016    -0.000866    +0.116938    +0.002126
0.106601    -0.003335    -0.034016    -0.000869    +0.116938    +0.002124
0.106801    -0.003456    -0.034017    -0.000872    +0.116937    +0.002122
0.107001    -0.003595    -0.034018    -0.000875    +0.116936    +0.002119
0.107201    -0.003797    -0.034018    -0.000877    +0.116936    +0.002117
0.107401    -0.003705    -0.034019    -0.000880    +0.116935    +0.002115
0.107601    -0.003078    -0.034020    -0.000882    +0.116934    +0.002113
0.107801    -0.002384    -0.034020    -0.000885    +0.116934    +0.002111
0.108001    -0.002004    -0.034021    -0.000887    +0.116933    +0.002108
0.108201    -0.001716    -0.034021    -0.000889    +0.116933    +0.002106
0.108401    -0.001489    -0.034021    -0.000892    +0.116933    +0.002104
0.108601    -0.001214    -0.034022    -0.000894    +0.116932    +0.002102
0.108801    -0.000846    -0.034022    -0.000896    +0.116932    +0.002099
0.109001    -0.000563    -0.034022    -0.000898    +0.116932    +0.002097
0.109201    -0.000577    -0.034022    -0.000900    +0.116932    +0.002095
0.109401    -0.000716    -0.034022    -0.000902    +0.116932    +0.002093
0.109601    -0.000839    -0.034022    -0.000904    +0.116932    +0.002091
0.109801    -0.001078    -0.034022    -0.000906    +0.116932    +0.002089
0.110001    -0.001307    -0.034023    -0.000908    +0.116931    +0.002087
0.110201    -0.001302    -0.034023    -0.000910    +0.116931    +0.002085
0.110401    -0.001492    -0.034023    -0.000912    +0.116931    +0.002083
0.110601    -0.001456    -0.034024    -0.000914    +0.116930    +0.002081
0.110801    -0.001447    -0.034024    -0.000915    +0.116930    +0.002079
0.111001    -0.001501    -0.034024    -0.000917    +0.116930    +0.002077
0.111201    -0.001476    -0.034024    -0.000919    +0.116930    +0.002075
0.111401    -0.001367    -0.034025    -0.000921    +0.116929    +0.002072
0.111601    -0.001337    -0.034025    -0.000922    +0.116929    +0.002070
0.111801    -0.001222    -0.034025    -0.000924    +0.116929    +0.002068
0.112001    -0.001141    -0.034025    -0.000925    +0.116929    +0.002066
0.112201    -0.001251    -0.034026    -0.000927    +0.116928    +0.002064
0.112401    -0.001257    -0.034026    -0.000929    +0.116928    +0.002062
0.112601    -0.001260    -0.034026    -0.000930    +0.116928    +0.002060
0.112801    -0.001327    -0.034027    -0.000932    +0.116927    +0.002058
0.113001    -0.001310    -0.034027    -0.000933    +0.116927    +0.002056
0.113201    -0.001206    -0.034027    -0.000934    +0.116927    +0.002054
0.113401    -0.001030    -0.034027    -0.000936    +0.116927    +0.002052
0.113601    -0.000876    -0.034027    -0.000937    +0.116927    +0.002050
0.113801    -0.000764    -0.034028    -0.000939    +0.116926    +0.002048
0.114001    -0.000576    -0.034028    -0.000940    +0.116926    +0.002046
0.114201    -0.000384    -0.034028    -0.000941    +0.116926    +0.002044
0.114401    -0.000301    -0.034028    -0.000943    +0.116926    +0.002042
0.114601    -0.000011    -0.034028    -0.000944    +0.116926    +0.002040
0.114801    +0.000224    -0.034028    -0.000945    +0.116926    +0.002038
0.115001    +0.000459    -0.034028    -0.000946    +0.116926    +0.002036
0.115201    +0.000539    -0.034028    -0.000948    +0.116926    +0.002034
0.115401    +0.000517    -0.034028    -0.000949    +0.116926    +0.002032
0.115601    +0.000270    -0.034027    -0.000950    +0.116927    +0.002030
0.115801    +0.000150    -0.034027    -0.000952    +0.116927    +0.002028
0.116001    +0.000245    -0.034027    -0.000953    +0.116927    +0.002026
0.116201    +0.000255    -0.034027    -0.000955    +0.116927    +0.002024
0.116401    +0.000116    -0.034027    -0.000956    +0.116927    +0.002022
0.116601    -0.000259    -0.034027    -0.000958    +0.116927    +0.002020
0.116801    -0.000611    -0.034027    -0.000960    +0.116927    +0.002018
0.117001    -0.000827    -0.034028    -0.000961    +0.116926    +0.002016
0.117201    -0.001118    -0.034028    -0.000963    +0.116926    +0.002014
0.117401    -0.001227    -0.034028    -0.000964    +0.116926    +0.002011
0.117601    -0.001293    -0.034028    -0.000966    +0.116926    +0.002009
0.117801    -0.001278    -0.034029    -0.000967    +0.116925    +0.002007
0.118001    -0.001267    -0.034029    -0.000969    +0.116925    +0.002005
0.118201    -0.001355    -0.034029    -0.000971    +0.116925    +0.002003
0.118401    -0.001420    -0.034029    -0.000972    +0.116925    +0.002001
0.118601    -0.001509    -0.034030    -0.000974    +0.116924    +0.002000
0.118801    -0.001585    -0.034030    -0.000975    +0.116924    +0.001998
0.119001    -0.001643    -0.034030    -0.000976    +0.116924    +0.001996
0.119201    -0.001792    -0.034031    -0.000978    +0.116923    +0.001994
0.119401    -0.002040    -0.034031    -0.000979    +0.116923    +0.001992
0.119601    -0.002151    -0.034032    -0.000981    +0.116922    +0.001990
0.119801    -0.002293    -0.034032    -0.000982    +0.116922    +0.001988
0.120001    -0.002332    -0.034033    -0.000984    +0.116921    +0.001987
0.120201    -0.002024    -0.034033    -0.000985    +0.116921    +0.001985
0.120401    -0.001563    -0.034033    -0.000986    +0.116921    +0.001982
0.120601    -0.001213    -0.034034    -0.000988    +0.116921    +0.001980
0.120801    -0.001083    -0.034034    -0.000989    +0.116920    +0.001978
0.121001    -0.001160    -0.034034    -0.000990    +0.116920    +0.001976
0.121201    -0.001054    -0.034034    -0.000991    +0.116920    +0.001974
0.121401    -0.001031    -0.034034    -0.000993    +0.116920    +0.001972
0.121601    -0.001045    -0.034035    -0.000994    +0.116919    +0.001969
0.121801    -0.001123    -0.034035    -0.000995    +0.116919    +0.001967
0.122001    -0.001344    -0.034035    -0.000997    +0.116919    +0.001965
0.122201    -0.001285    -0.034035    -0.000998    +0.116919    +0.001963
0.122401    -0.001300    -0.034036    -0.000999    +0.116918    +0.001961
0.122601    -0.001186    -0.034036    -0.001001    +0.116918    +0.001959
0.122801    -0.001132    -0.034036    -0.001002    +0.116918    +0.001957
0.123001    -0.001068    -0.034036    -0.001003    +0.116918    +0.001955
0.123201    -0.001043    -0.034036    -0.001004    +0.116918    +0.001953
0.123401    -0.000931    -0.034037    -0.001006    +0.116917    +0.001951
0.123601    -0.000814    -0.034037    -0.001007    +0.116917    +0.001949
0.123801    -0.000697    -0.034037    -0.001008    +0.116917    +0.001946
0.124001    -0.000712    -0.034037    -0.001009    +0.116917    +0.001944
0.124201    -0.000809    -0.034037    -0.001010    +0.116917    +0.001942
0.124401    -0.000950    -0.034037    -0.001012    +0.116917    +0.001940
0.124601    -0.001032    -0.034038    -0.001013    +0.116916    +0.001938
0.124801    -0.001141    -0.034038    -0.001014    +0.116916    +0.001935
0.125001    -0.001014    -0.034038    -0.001015    +0.116916    +0.001933
0.125201    -0.001012    -0.034038    -0.001017    +0.116916    +0.001931
0.125401    -0.001034    -0.034038    -0.001018    +0.116916    +0.001929
0.125601    -0.001133    -0.034039    -0.001019    +0.116915    +0.001927
0.125801    -0.001163    -0.034039    -0.001020    +0.116915    +0.001925
0.126001    -0.001217    -0.034039    -0.001021    +0.116915    +0.001923
0.126201    -0.001481    -0.034039    -0.001022    +0.116915    +0.001920
0.126401    -0.001831    -0.034040    -0.001024    +0.116914    +0.001918
0.126601    -0.002300    -0.034040    -0.001025    +0.116914    +0.001916
0.126801    -0.002481    -0.034041    -0.001026    +0.116913    +0.001914
0.127001    -0.002562    -0.034041    -0.001028    +0.116913    +0.001912
0.127201    -0.002515    -0.034042    -0.001029    +0.116912    +0.001910
0.127401    -0.002399    -0.034042    -0.001030    +0.116912    +0.001908
0.127601    -0.002340    -0.034043    -0.001032    +0.116911    +0.001906
0.127801    -0.002322    -0.034043    -0.001033    +0.116911    +0.001904
0.128001    -0.002298    -0.034044    -0.001034    +0.116910    +0.001902
0.128201    -0.002214    -0.034044    -0.001036    +0.116910    +0.001900
0.128401    -0.002167    -0.034045    -0.001037    +0.116909    +0.001898
0.128601    -0.002149    -0.034045    -0.001039    +0.116909    +0.001895
0.128801    -0.002254    -0.034045    -0.001041    +0.116909    +0.001893
0.129001    -0.002345    -0.034046    -0.001042    +0.116908    +0.001891
0.129201    -0.002501    -0.034046    -0.001044    +0.116908    +0.001889
